1/31/2020 9:28:16 AM Start Bootstrapper, Information
1/31/2020 9:28:16 AM unknown User: Enter Method: System.ComponentModel.INotifyPropertyChanged.add_PropertyChanged(System.ComponentModel.PropertyChangedEventHandler), Verbose
1/31/2020 9:28:16 AM unknown User: Exit Method: System.ComponentModel.INotifyPropertyChanged.add_PropertyChanged(System.ComponentModel.PropertyChangedEventHandler), Verbose
1/31/2020 9:28:16 AM unknown User: Enter Method: UnitySample.MainWindowViewModel.get_RandomObjects(), Verbose
1/31/2020 9:28:16 AM unknown User: Exit Method: UnitySample.MainWindowViewModel.get_RandomObjects(), Verbose
1/31/2020 9:28:16 AM End of Bootstrapper, Information
1/31/2020 9:28:40 AM unknown User: Enter Method: UnitySample.MainWindowViewModel.set_RandomObjects(System.Collections.ObjectModel.ObservableCollection`1[UnitySample.Common.Entities.RandomObject]), Verbose
1/31/2020 9:28:40 AM unknown User: Enter Method: UnitySample.MainWindowViewModel.get_RandomObjects(), Verbose
1/31/2020 9:28:40 AM unknown User: Exit Method: UnitySample.MainWindowViewModel.get_RandomObjects(), Verbose
1/31/2020 9:28:40 AM unknown User: Enter Method: UnitySample.MainWindowViewModel.get_RandomObjects(), Verbose
1/31/2020 9:28:40 AM unknown User: Exit Method: UnitySample.MainWindowViewModel.get_RandomObjects(), Verbose
1/31/2020 9:28:40 AM unknown User: Exit Method: UnitySample.MainWindowViewModel.set_RandomObjects(System.Collections.ObjectModel.ObservableCollection`1[UnitySample.Common.Entities.RandomObject]), Verbose
1/31/2020 9:28:40 AM unknown User: Enter Method: UnitySample.MainWindowViewModel.get_RandomObjects(), Verbose
1/31/2020 9:28:40 AM unknown User: Exit Method: UnitySample.MainWindowViewModel.get_RandomObjects(), Verbose
1/31/2020 9:29:18 AM unknown User: Enter Method: UnitySample.MainWindowViewModel.set_RandomObjects(System.Collections.ObjectModel.ObservableCollection`1[UnitySample.Common.Entities.RandomObject]), Verbose
1/31/2020 9:29:18 AM unknown User: Enter Method: UnitySample.MainWindowViewModel.get_RandomObjects(), Verbose
1/31/2020 9:29:18 AM unknown User: Exit Method: UnitySample.MainWindowViewModel.get_RandomObjects(), Verbose
1/31/2020 9:29:18 AM unknown User: Enter Method: UnitySample.MainWindowViewModel.get_RandomObjects(), Verbose
1/31/2020 9:29:18 AM unknown User: Exit Method: UnitySample.MainWindowViewModel.get_RandomObjects(), Verbose
1/31/2020 9:29:18 AM unknown User: Exit Method: UnitySample.MainWindowViewModel.set_RandomObjects(System.Collections.ObjectModel.ObservableCollection`1[UnitySample.Common.Entities.RandomObject]), Verbose
1/31/2020 9:29:18 AM unknown User: Enter Method: UnitySample.MainWindowViewModel.get_RandomObjects(), Verbose
1/31/2020 9:29:18 AM unknown User: Exit Method: UnitySample.MainWindowViewModel.get_RandomObjects(), Verbose
1/31/2020 9:29:18 AM unknown User: Enter Method: UnitySample.MainWindowViewModel.set_RandomObjects(System.Collections.ObjectModel.ObservableCollection`1[UnitySample.Common.Entities.RandomObject]), Verbose
1/31/2020 9:29:18 AM unknown User: Enter Method: UnitySample.MainWindowViewModel.get_RandomObjects(), Verbose
1/31/2020 9:29:18 AM unknown User: Exit Method: UnitySample.MainWindowViewModel.get_RandomObjects(), Verbose
1/31/2020 9:29:18 AM unknown User: Enter Method: UnitySample.MainWindowViewModel.get_RandomObjects(), Verbose
1/31/2020 9:29:18 AM unknown User: Exit Method: UnitySample.MainWindowViewModel.get_RandomObjects(), Verbose
1/31/2020 9:29:18 AM unknown User: Exit Method: UnitySample.MainWindowViewModel.set_RandomObjects(System.Collections.ObjectModel.ObservableCollection`1[UnitySample.Common.Entities.RandomObject]), Verbose
1/31/2020 9:29:18 AM unknown User: Enter Method: UnitySample.MainWindowViewModel.get_RandomObjects(), Verbose
1/31/2020 9:29:18 AM unknown User: Exit Method: UnitySample.MainWindowViewModel.get_RandomObjects(), Verbose
1/31/2020 9:29:19 AM unknown User: Enter Method: UnitySample.MainWindowViewModel.set_RandomObjects(System.Collections.ObjectModel.ObservableCollection`1[UnitySample.Common.Entities.RandomObject]), Verbose
1/31/2020 9:29:19 AM unknown User: Enter Method: UnitySample.MainWindowViewModel.get_RandomObjects(), Verbose
1/31/2020 9:29:19 AM unknown User: Exit Method: UnitySample.MainWindowViewModel.get_RandomObjects(), Verbose
1/31/2020 9:29:19 AM unknown User: Enter Method: UnitySample.MainWindowViewModel.get_RandomObjects(), Verbose
1/31/2020 9:29:19 AM unknown User: Exit Method: UnitySample.MainWindowViewModel.get_RandomObjects(), Verbose
1/31/2020 9:29:19 AM unknown User: Exit Method: UnitySample.MainWindowViewModel.set_RandomObjects(System.Collections.ObjectModel.ObservableCollection`1[UnitySample.Common.Entities.RandomObject]), Verbose
1/31/2020 9:29:19 AM unknown User: Enter Method: UnitySample.MainWindowViewModel.get_RandomObjects(), Verbose
1/31/2020 9:29:19 AM unknown User: Exit Method: UnitySample.MainWindowViewModel.get_RandomObjects(), Verbose
1/31/2020 9:29:19 AM unknown User: Enter Method: UnitySample.MainWindowViewModel.set_RandomObjects(System.Collections.ObjectModel.ObservableCollection`1[UnitySample.Common.Entities.RandomObject]), Verbose
1/31/2020 9:29:19 AM unknown User: Enter Method: UnitySample.MainWindowViewModel.get_RandomObjects(), Verbose
1/31/2020 9:29:19 AM unknown User: Exit Method: UnitySample.MainWindowViewModel.get_RandomObjects(), Verbose
1/31/2020 9:29:19 AM unknown User: Enter Method: UnitySample.MainWindowViewModel.get_RandomObjects(), Verbose
1/31/2020 9:29:19 AM unknown User: Exit Method: UnitySample.MainWindowViewModel.get_RandomObjects(), Verbose
1/31/2020 9:29:19 AM unknown User: Exit Method: UnitySample.MainWindowViewModel.set_RandomObjects(System.Collections.ObjectModel.ObservableCollection`1[UnitySample.Common.Entities.RandomObject]), Verbose
1/31/2020 9:29:19 AM unknown User: Enter Method: UnitySample.MainWindowViewModel.get_RandomObjects(), Verbose
1/31/2020 9:29:19 AM unknown User: Exit Method: UnitySample.MainWindowViewModel.get_RandomObjects(), Verbose
1/31/2020 9:29:19 AM unknown User: Enter Method: UnitySample.MainWindowViewModel.set_RandomObjects(System.Collections.ObjectModel.ObservableCollection`1[UnitySample.Common.Entities.RandomObject]), Verbose
1/31/2020 9:29:19 AM unknown User: Enter Method: UnitySample.MainWindowViewModel.get_RandomObjects(), Verbose
1/31/2020 9:29:19 AM unknown User: Exit Method: UnitySample.MainWindowViewModel.get_RandomObjects(), Verbose
1/31/2020 9:29:19 AM unknown User: Enter Method: UnitySample.MainWindowViewModel.get_RandomObjects(), Verbose
1/31/2020 9:29:19 AM unknown User: Exit Method: UnitySample.MainWindowViewModel.get_RandomObjects(), Verbose
1/31/2020 9:29:19 AM unknown User: Exit Method: UnitySample.MainWindowViewModel.set_RandomObjects(System.Collections.ObjectModel.ObservableCollection`1[UnitySample.Common.Entities.RandomObject]), Verbose
1/31/2020 9:29:19 AM unknown User: Enter Method: UnitySample.MainWindowViewModel.get_RandomObjects(), Verbose
1/31/2020 9:29:19 AM unknown User: Exit Method: UnitySample.MainWindowViewModel.get_RandomObjects(), Verbose
1/31/2020 9:29:19 AM unknown User: Enter Method: UnitySample.MainWindowViewModel.set_RandomObjects(System.Collections.ObjectModel.ObservableCollection`1[UnitySample.Common.Entities.RandomObject]), Verbose
1/31/2020 9:29:19 AM unknown User: Enter Method: UnitySample.MainWindowViewModel.get_RandomObjects(), Verbose
1/31/2020 9:29:19 AM unknown User: Exit Method: UnitySample.MainWindowViewModel.get_RandomObjects(), Verbose
1/31/2020 9:29:19 AM unknown User: Enter Method: UnitySample.MainWindowViewModel.get_RandomObjects(), Verbose
1/31/2020 9:29:19 AM unknown User: Exit Method: UnitySample.MainWindowViewModel.get_RandomObjects(), Verbose
1/31/2020 9:29:19 AM unknown User: Exit Method: UnitySample.MainWindowViewModel.set_RandomObjects(System.Collections.ObjectModel.ObservableCollection`1[UnitySample.Common.Entities.RandomObject]), Verbose
1/31/2020 9:29:19 AM unknown User: Enter Method: UnitySample.MainWindowViewModel.get_RandomObjects(), Verbose
1/31/2020 9:29:19 AM unknown User: Exit Method: UnitySample.MainWindowViewModel.get_RandomObjects(), Verbose
1/31/2020 9:29:20 AM unknown User: Enter Method: UnitySample.MainWindowViewModel.set_RandomObjects(System.Collections.ObjectModel.ObservableCollection`1[UnitySample.Common.Entities.RandomObject]), Verbose
1/31/2020 9:29:20 AM unknown User: Enter Method: UnitySample.MainWindowViewModel.get_RandomObjects(), Verbose
1/31/2020 9:29:20 AM unknown User: Exit Method: UnitySample.MainWindowViewModel.get_RandomObjects(), Verbose
1/31/2020 9:29:20 AM unknown User: Enter Method: UnitySample.MainWindowViewModel.get_RandomObjects(), Verbose
1/31/2020 9:29:20 AM unknown User: Exit Method: UnitySample.MainWindowViewModel.get_RandomObjects(), Verbose
1/31/2020 9:29:20 AM unknown User: Exit Method: UnitySample.MainWindowViewModel.set_RandomObjects(System.Collections.ObjectModel.ObservableCollection`1[UnitySample.Common.Entities.RandomObject]), Verbose
1/31/2020 9:29:20 AM unknown User: Enter Method: UnitySample.MainWindowViewModel.get_RandomObjects(), Verbose
1/31/2020 9:29:20 AM unknown User: Exit Method: UnitySample.MainWindowViewModel.get_RandomObjects(), Verbose
1/31/2020 9:29:30 AM unknown User: Enter Method: UnitySample.MainWindowViewModel.set_RandomObjects(System.Collections.ObjectModel.ObservableCollection`1[UnitySample.Common.Entities.RandomObject]), Verbose
1/31/2020 9:29:30 AM unknown User: Enter Method: UnitySample.MainWindowViewModel.get_RandomObjects(), Verbose
1/31/2020 9:29:30 AM unknown User: Exit Method: UnitySample.MainWindowViewModel.get_RandomObjects(), Verbose
1/31/2020 9:29:30 AM unknown User: Enter Method: UnitySample.MainWindowViewModel.get_RandomObjects(), Verbose
1/31/2020 9:29:30 AM unknown User: Exit Method: UnitySample.MainWindowViewModel.get_RandomObjects(), Verbose
1/31/2020 9:29:30 AM unknown User: Exit Method: UnitySample.MainWindowViewModel.set_RandomObjects(System.Collections.ObjectModel.ObservableCollection`1[UnitySample.Common.Entities.RandomObject]), Verbose
1/31/2020 9:29:30 AM unknown User: Enter Method: UnitySample.MainWindowViewModel.get_RandomObjects(), Verbose
1/31/2020 9:29:30 AM unknown User: Exit Method: UnitySample.MainWindowViewModel.get_RandomObjects(), Verbose
1/31/2020 9:29:30 AM unknown User: Enter Method: UnitySample.MainWindowViewModel.set_RandomObjects(System.Collections.ObjectModel.ObservableCollection`1[UnitySample.Common.Entities.RandomObject]), Verbose
1/31/2020 9:29:30 AM unknown User: Enter Method: UnitySample.MainWindowViewModel.get_RandomObjects(), Verbose
1/31/2020 9:29:30 AM unknown User: Exit Method: UnitySample.MainWindowViewModel.get_RandomObjects(), Verbose
1/31/2020 9:29:30 AM unknown User: Enter Method: UnitySample.MainWindowViewModel.get_RandomObjects(), Verbose
1/31/2020 9:29:30 AM unknown User: Exit Method: UnitySample.MainWindowViewModel.get_RandomObjects(), Verbose
1/31/2020 9:29:30 AM unknown User: Exit Method: UnitySample.MainWindowViewModel.set_RandomObjects(System.Collections.ObjectModel.ObservableCollection`1[UnitySample.Common.Entities.RandomObject]), Verbose
1/31/2020 9:29:30 AM unknown User: Enter Method: UnitySample.MainWindowViewModel.get_RandomObjects(), Verbose
1/31/2020 9:29:30 AM unknown User: Exit Method: UnitySample.MainWindowViewModel.get_RandomObjects(), Verbose
1/31/2020 9:29:31 AM unknown User: Enter Method: UnitySample.MainWindowViewModel.set_RandomObjects(System.Collections.ObjectModel.ObservableCollection`1[UnitySample.Common.Entities.RandomObject]), Verbose
1/31/2020 9:29:31 AM unknown User: Enter Method: UnitySample.MainWindowViewModel.get_RandomObjects(), Verbose
1/31/2020 9:29:31 AM unknown User: Exit Method: UnitySample.MainWindowViewModel.get_RandomObjects(), Verbose
1/31/2020 9:29:31 AM unknown User: Enter Method: UnitySample.MainWindowViewModel.get_RandomObjects(), Verbose
1/31/2020 9:29:31 AM unknown User: Exit Method: UnitySample.MainWindowViewModel.get_RandomObjects(), Verbose
1/31/2020 9:29:31 AM unknown User: Exit Method: UnitySample.MainWindowViewModel.set_RandomObjects(System.Collections.ObjectModel.ObservableCollection`1[UnitySample.Common.Entities.RandomObject]), Verbose
1/31/2020 9:29:31 AM unknown User: Enter Method: UnitySample.MainWindowViewModel.get_RandomObjects(), Verbose
1/31/2020 9:29:31 AM unknown User: Exit Method: UnitySample.MainWindowViewModel.get_RandomObjects(), Verbose
1/31/2020 9:29:31 AM unknown User: Enter Method: UnitySample.MainWindowViewModel.set_RandomObjects(System.Collections.ObjectModel.ObservableCollection`1[UnitySample.Common.Entities.RandomObject]), Verbose
1/31/2020 9:29:31 AM unknown User: Enter Method: UnitySample.MainWindowViewModel.get_RandomObjects(), Verbose
1/31/2020 9:29:31 AM unknown User: Exit Method: UnitySample.MainWindowViewModel.get_RandomObjects(), Verbose
1/31/2020 9:29:31 AM unknown User: Enter Method: UnitySample.MainWindowViewModel.get_RandomObjects(), Verbose
1/31/2020 9:29:31 AM unknown User: Exit Method: UnitySample.MainWindowViewModel.get_RandomObjects(), Verbose
1/31/2020 9:29:31 AM unknown User: Exit Method: UnitySample.MainWindowViewModel.set_RandomObjects(System.Collections.ObjectModel.ObservableCollection`1[UnitySample.Common.Entities.RandomObject]), Verbose
1/31/2020 9:29:31 AM unknown User: Enter Method: UnitySample.MainWindowViewModel.get_RandomObjects(), Verbose
1/31/2020 9:29:31 AM unknown User: Exit Method: UnitySample.MainWindowViewModel.get_RandomObjects(), Verbose
1/31/2020 9:29:31 AM unknown User: Enter Method: UnitySample.MainWindowViewModel.set_RandomObjects(System.Collections.ObjectModel.ObservableCollection`1[UnitySample.Common.Entities.RandomObject]), Verbose
1/31/2020 9:29:31 AM unknown User: Enter Method: UnitySample.MainWindowViewModel.get_RandomObjects(), Verbose
1/31/2020 9:29:31 AM unknown User: Exit Method: UnitySample.MainWindowViewModel.get_RandomObjects(), Verbose
1/31/2020 9:29:31 AM unknown User: Enter Method: UnitySample.MainWindowViewModel.get_RandomObjects(), Verbose
1/31/2020 9:29:31 AM unknown User: Exit Method: UnitySample.MainWindowViewModel.get_RandomObjects(), Verbose
1/31/2020 9:29:31 AM unknown User: Exit Method: UnitySample.MainWindowViewModel.set_RandomObjects(System.Collections.ObjectModel.ObservableCollection`1[UnitySample.Common.Entities.RandomObject]), Verbose
1/31/2020 9:29:31 AM unknown User: Enter Method: UnitySample.MainWindowViewModel.get_RandomObjects(), Verbose
1/31/2020 9:29:31 AM unknown User: Exit Method: UnitySample.MainWindowViewModel.get_RandomObjects(), Verbose
1/31/2020 9:29:43 AM unknown User: Enter Method: UnitySample.MainWindowViewModel.set_RandomObjects(System.Collections.ObjectModel.ObservableCollection`1[UnitySample.Common.Entities.RandomObject]), Verbose
1/31/2020 9:29:43 AM unknown User: Enter Method: UnitySample.MainWindowViewModel.get_RandomObjects(), Verbose
1/31/2020 9:29:43 AM unknown User: Exit Method: UnitySample.MainWindowViewModel.get_RandomObjects(), Verbose
1/31/2020 9:29:43 AM unknown User: Enter Method: UnitySample.MainWindowViewModel.get_RandomObjects(), Verbose
1/31/2020 9:29:43 AM unknown User: Exit Method: UnitySample.MainWindowViewModel.get_RandomObjects(), Verbose
1/31/2020 9:29:43 AM unknown User: Exit Method: UnitySample.MainWindowViewModel.set_RandomObjects(System.Collections.ObjectModel.ObservableCollection`1[UnitySample.Common.Entities.RandomObject]), Verbose
1/31/2020 9:29:43 AM unknown User: Enter Method: UnitySample.MainWindowViewModel.get_RandomObjects(), Verbose
1/31/2020 9:29:43 AM unknown User: Exit Method: UnitySample.MainWindowViewModel.get_RandomObjects(), Verbose
1/31/2020 9:29:46 AM unknown User: Enter Method: UnitySample.MainWindowViewModel.set_RandomObjects(System.Collections.ObjectModel.ObservableCollection`1[UnitySample.Common.Entities.RandomObject]), Verbose
1/31/2020 9:29:46 AM unknown User: Enter Method: UnitySample.MainWindowViewModel.get_RandomObjects(), Verbose
1/31/2020 9:29:46 AM unknown User: Exit Method: UnitySample.MainWindowViewModel.get_RandomObjects(), Verbose
1/31/2020 9:29:46 AM unknown User: Enter Method: UnitySample.MainWindowViewModel.get_RandomObjects(), Verbose
1/31/2020 9:29:46 AM unknown User: Exit Method: UnitySample.MainWindowViewModel.get_RandomObjects(), Verbose
1/31/2020 9:29:46 AM unknown User: Exit Method: UnitySample.MainWindowViewModel.set_RandomObjects(System.Collections.ObjectModel.ObservableCollection`1[UnitySample.Common.Entities.RandomObject]), Verbose
1/31/2020 9:29:46 AM unknown User: Enter Method: UnitySample.MainWindowViewModel.get_RandomObjects(), Verbose
1/31/2020 9:29:46 AM unknown User: Exit Method: UnitySample.MainWindowViewModel.get_RandomObjects(), Verbose
1/31/2020 9:32:46 AM unknown User: Enter Method: System.ComponentModel.INotifyPropertyChanged.remove_PropertyChanged(System.ComponentModel.PropertyChangedEventHandler), Verbose
1/31/2020 9:32:46 AM unknown User: Exit Method: System.ComponentModel.INotifyPropertyChanged.remove_PropertyChanged(System.ComponentModel.PropertyChangedEventHandler), Verbose
