1/31/2020 9:35:22 AM Start Bootstrapper, Information
1/31/2020 9:35:22 AM unknown User: Enter Method: System.ComponentModel.INotifyPropertyChanged.add_PropertyChanged(System.ComponentModel.PropertyChangedEventHandler), Verbose
1/31/2020 9:35:22 AM unknown User: Exit Method: System.ComponentModel.INotifyPropertyChanged.add_PropertyChanged(System.ComponentModel.PropertyChangedEventHandler), Verbose
1/31/2020 9:35:22 AM unknown User: Enter Method: UnitySample.MainWindowViewModel.get_RandomObjects(), Verbose
1/31/2020 9:35:22 AM unknown User: Exit Method: UnitySample.MainWindowViewModel.get_RandomObjects(), Verbose
1/31/2020 9:35:22 AM End of Bootstrapper, Information
1/31/2020 9:37:00 AM unknown User: Enter Method: UnitySample.MainWindowViewModel.set_RandomObjects(System.Collections.ObjectModel.ObservableCollection`1[UnitySample.Common.Entities.RandomObject]), Verbose
1/31/2020 9:37:00 AM unknown User: Enter Method: UnitySample.MainWindowViewModel.get_RandomObjects(), Verbose
1/31/2020 9:37:00 AM unknown User: Exit Method: UnitySample.MainWindowViewModel.get_RandomObjects(), Verbose
1/31/2020 9:37:00 AM unknown User: Enter Method: UnitySample.MainWindowViewModel.get_RandomObjects(), Verbose
1/31/2020 9:37:00 AM unknown User: Exit Method: UnitySample.MainWindowViewModel.get_RandomObjects(), Verbose
1/31/2020 9:37:00 AM unknown User: Exit Method: UnitySample.MainWindowViewModel.set_RandomObjects(System.Collections.ObjectModel.ObservableCollection`1[UnitySample.Common.Entities.RandomObject]), Verbose
1/31/2020 9:37:00 AM unknown User: Enter Method: UnitySample.MainWindowViewModel.get_RandomObjects(), Verbose
1/31/2020 9:37:00 AM unknown User: Exit Method: UnitySample.MainWindowViewModel.get_RandomObjects(), Verbose
1/31/2020 9:38:38 AM unknown User: Enter Method: UnitySample.MainWindowViewModel.set_RandomObjects(System.Collections.ObjectModel.ObservableCollection`1[UnitySample.Common.Entities.RandomObject]), Verbose
1/31/2020 9:38:38 AM unknown User: Enter Method: UnitySample.MainWindowViewModel.get_RandomObjects(), Verbose
1/31/2020 9:38:38 AM unknown User: Exit Method: UnitySample.MainWindowViewModel.get_RandomObjects(), Verbose
1/31/2020 9:38:38 AM unknown User: Enter Method: UnitySample.MainWindowViewModel.get_RandomObjects(), Verbose
1/31/2020 9:38:38 AM unknown User: Exit Method: UnitySample.MainWindowViewModel.get_RandomObjects(), Verbose
1/31/2020 9:38:38 AM unknown User: Exit Method: UnitySample.MainWindowViewModel.set_RandomObjects(System.Collections.ObjectModel.ObservableCollection`1[UnitySample.Common.Entities.RandomObject]), Verbose
1/31/2020 9:38:38 AM unknown User: Enter Method: UnitySample.MainWindowViewModel.get_RandomObjects(), Verbose
1/31/2020 9:38:38 AM unknown User: Exit Method: UnitySample.MainWindowViewModel.get_RandomObjects(), Verbose
1/31/2020 9:38:38 AM unknown User: Enter Method: UnitySample.MainWindowViewModel.set_RandomObjects(System.Collections.ObjectModel.ObservableCollection`1[UnitySample.Common.Entities.RandomObject]), Verbose
1/31/2020 9:38:38 AM unknown User: Enter Method: UnitySample.MainWindowViewModel.get_RandomObjects(), Verbose
1/31/2020 9:38:38 AM unknown User: Exit Method: UnitySample.MainWindowViewModel.get_RandomObjects(), Verbose
1/31/2020 9:38:38 AM unknown User: Enter Method: UnitySample.MainWindowViewModel.get_RandomObjects(), Verbose
1/31/2020 9:38:38 AM unknown User: Exit Method: UnitySample.MainWindowViewModel.get_RandomObjects(), Verbose
1/31/2020 9:38:38 AM unknown User: Exit Method: UnitySample.MainWindowViewModel.set_RandomObjects(System.Collections.ObjectModel.ObservableCollection`1[UnitySample.Common.Entities.RandomObject]), Verbose
1/31/2020 9:38:38 AM unknown User: Enter Method: UnitySample.MainWindowViewModel.get_RandomObjects(), Verbose
1/31/2020 9:38:38 AM unknown User: Exit Method: UnitySample.MainWindowViewModel.get_RandomObjects(), Verbose
1/31/2020 9:38:39 AM unknown User: Enter Method: UnitySample.MainWindowViewModel.set_RandomObjects(System.Collections.ObjectModel.ObservableCollection`1[UnitySample.Common.Entities.RandomObject]), Verbose
1/31/2020 9:38:39 AM unknown User: Enter Method: UnitySample.MainWindowViewModel.get_RandomObjects(), Verbose
1/31/2020 9:38:39 AM unknown User: Exit Method: UnitySample.MainWindowViewModel.get_RandomObjects(), Verbose
1/31/2020 9:38:39 AM unknown User: Enter Method: UnitySample.MainWindowViewModel.get_RandomObjects(), Verbose
1/31/2020 9:38:39 AM unknown User: Exit Method: UnitySample.MainWindowViewModel.get_RandomObjects(), Verbose
1/31/2020 9:38:39 AM unknown User: Exit Method: UnitySample.MainWindowViewModel.set_RandomObjects(System.Collections.ObjectModel.ObservableCollection`1[UnitySample.Common.Entities.RandomObject]), Verbose
1/31/2020 9:38:39 AM unknown User: Enter Method: UnitySample.MainWindowViewModel.get_RandomObjects(), Verbose
1/31/2020 9:38:39 AM unknown User: Exit Method: UnitySample.MainWindowViewModel.get_RandomObjects(), Verbose
1/31/2020 9:38:39 AM unknown User: Enter Method: UnitySample.MainWindowViewModel.set_RandomObjects(System.Collections.ObjectModel.ObservableCollection`1[UnitySample.Common.Entities.RandomObject]), Verbose
1/31/2020 9:38:39 AM unknown User: Enter Method: UnitySample.MainWindowViewModel.get_RandomObjects(), Verbose
1/31/2020 9:38:39 AM unknown User: Exit Method: UnitySample.MainWindowViewModel.get_RandomObjects(), Verbose
1/31/2020 9:38:39 AM unknown User: Enter Method: UnitySample.MainWindowViewModel.get_RandomObjects(), Verbose
1/31/2020 9:38:39 AM unknown User: Exit Method: UnitySample.MainWindowViewModel.get_RandomObjects(), Verbose
1/31/2020 9:38:39 AM unknown User: Exit Method: UnitySample.MainWindowViewModel.set_RandomObjects(System.Collections.ObjectModel.ObservableCollection`1[UnitySample.Common.Entities.RandomObject]), Verbose
1/31/2020 9:38:39 AM unknown User: Enter Method: UnitySample.MainWindowViewModel.get_RandomObjects(), Verbose
1/31/2020 9:38:39 AM unknown User: Exit Method: UnitySample.MainWindowViewModel.get_RandomObjects(), Verbose
1/31/2020 9:38:39 AM unknown User: Enter Method: UnitySample.MainWindowViewModel.set_RandomObjects(System.Collections.ObjectModel.ObservableCollection`1[UnitySample.Common.Entities.RandomObject]), Verbose
1/31/2020 9:38:39 AM unknown User: Enter Method: UnitySample.MainWindowViewModel.get_RandomObjects(), Verbose
1/31/2020 9:38:39 AM unknown User: Exit Method: UnitySample.MainWindowViewModel.get_RandomObjects(), Verbose
1/31/2020 9:38:39 AM unknown User: Enter Method: UnitySample.MainWindowViewModel.get_RandomObjects(), Verbose
1/31/2020 9:38:39 AM unknown User: Exit Method: UnitySample.MainWindowViewModel.get_RandomObjects(), Verbose
1/31/2020 9:38:39 AM unknown User: Exit Method: UnitySample.MainWindowViewModel.set_RandomObjects(System.Collections.ObjectModel.ObservableCollection`1[UnitySample.Common.Entities.RandomObject]), Verbose
1/31/2020 9:38:39 AM unknown User: Enter Method: UnitySample.MainWindowViewModel.get_RandomObjects(), Verbose
1/31/2020 9:38:39 AM unknown User: Exit Method: UnitySample.MainWindowViewModel.get_RandomObjects(), Verbose
1/31/2020 9:38:39 AM unknown User: Enter Method: UnitySample.MainWindowViewModel.set_RandomObjects(System.Collections.ObjectModel.ObservableCollection`1[UnitySample.Common.Entities.RandomObject]), Verbose
1/31/2020 9:38:39 AM unknown User: Enter Method: UnitySample.MainWindowViewModel.get_RandomObjects(), Verbose
1/31/2020 9:38:39 AM unknown User: Exit Method: UnitySample.MainWindowViewModel.get_RandomObjects(), Verbose
1/31/2020 9:38:39 AM unknown User: Enter Method: UnitySample.MainWindowViewModel.get_RandomObjects(), Verbose
1/31/2020 9:38:39 AM unknown User: Exit Method: UnitySample.MainWindowViewModel.get_RandomObjects(), Verbose
1/31/2020 9:38:39 AM unknown User: Exit Method: UnitySample.MainWindowViewModel.set_RandomObjects(System.Collections.ObjectModel.ObservableCollection`1[UnitySample.Common.Entities.RandomObject]), Verbose
1/31/2020 9:38:39 AM unknown User: Enter Method: UnitySample.MainWindowViewModel.get_RandomObjects(), Verbose
1/31/2020 9:38:39 AM unknown User: Exit Method: UnitySample.MainWindowViewModel.get_RandomObjects(), Verbose
1/31/2020 9:38:39 AM unknown User: Enter Method: UnitySample.MainWindowViewModel.set_RandomObjects(System.Collections.ObjectModel.ObservableCollection`1[UnitySample.Common.Entities.RandomObject]), Verbose
1/31/2020 9:38:39 AM unknown User: Enter Method: UnitySample.MainWindowViewModel.get_RandomObjects(), Verbose
1/31/2020 9:38:39 AM unknown User: Exit Method: UnitySample.MainWindowViewModel.get_RandomObjects(), Verbose
1/31/2020 9:38:39 AM unknown User: Enter Method: UnitySample.MainWindowViewModel.get_RandomObjects(), Verbose
1/31/2020 9:38:39 AM unknown User: Exit Method: UnitySample.MainWindowViewModel.get_RandomObjects(), Verbose
1/31/2020 9:38:39 AM unknown User: Exit Method: UnitySample.MainWindowViewModel.set_RandomObjects(System.Collections.ObjectModel.ObservableCollection`1[UnitySample.Common.Entities.RandomObject]), Verbose
1/31/2020 9:38:39 AM unknown User: Enter Method: UnitySample.MainWindowViewModel.get_RandomObjects(), Verbose
1/31/2020 9:38:39 AM unknown User: Exit Method: UnitySample.MainWindowViewModel.get_RandomObjects(), Verbose
1/31/2020 9:38:40 AM unknown User: Enter Method: UnitySample.MainWindowViewModel.set_RandomObjects(System.Collections.ObjectModel.ObservableCollection`1[UnitySample.Common.Entities.RandomObject]), Verbose
1/31/2020 9:38:40 AM unknown User: Enter Method: UnitySample.MainWindowViewModel.get_RandomObjects(), Verbose
1/31/2020 9:38:40 AM unknown User: Exit Method: UnitySample.MainWindowViewModel.get_RandomObjects(), Verbose
1/31/2020 9:38:40 AM unknown User: Enter Method: UnitySample.MainWindowViewModel.get_RandomObjects(), Verbose
1/31/2020 9:38:40 AM unknown User: Exit Method: UnitySample.MainWindowViewModel.get_RandomObjects(), Verbose
1/31/2020 9:38:40 AM unknown User: Exit Method: UnitySample.MainWindowViewModel.set_RandomObjects(System.Collections.ObjectModel.ObservableCollection`1[UnitySample.Common.Entities.RandomObject]), Verbose
1/31/2020 9:38:40 AM unknown User: Enter Method: UnitySample.MainWindowViewModel.get_RandomObjects(), Verbose
1/31/2020 9:38:40 AM unknown User: Exit Method: UnitySample.MainWindowViewModel.get_RandomObjects(), Verbose
1/31/2020 9:38:40 AM unknown User: Enter Method: UnitySample.MainWindowViewModel.set_RandomObjects(System.Collections.ObjectModel.ObservableCollection`1[UnitySample.Common.Entities.RandomObject]), Verbose
1/31/2020 9:38:40 AM unknown User: Enter Method: UnitySample.MainWindowViewModel.get_RandomObjects(), Verbose
1/31/2020 9:38:40 AM unknown User: Exit Method: UnitySample.MainWindowViewModel.get_RandomObjects(), Verbose
1/31/2020 9:38:40 AM unknown User: Enter Method: UnitySample.MainWindowViewModel.get_RandomObjects(), Verbose
1/31/2020 9:38:40 AM unknown User: Exit Method: UnitySample.MainWindowViewModel.get_RandomObjects(), Verbose
1/31/2020 9:38:40 AM unknown User: Exit Method: UnitySample.MainWindowViewModel.set_RandomObjects(System.Collections.ObjectModel.ObservableCollection`1[UnitySample.Common.Entities.RandomObject]), Verbose
1/31/2020 9:38:40 AM unknown User: Enter Method: UnitySample.MainWindowViewModel.get_RandomObjects(), Verbose
1/31/2020 9:38:40 AM unknown User: Exit Method: UnitySample.MainWindowViewModel.get_RandomObjects(), Verbose
1/31/2020 9:38:40 AM unknown User: Enter Method: UnitySample.MainWindowViewModel.set_RandomObjects(System.Collections.ObjectModel.ObservableCollection`1[UnitySample.Common.Entities.RandomObject]), Verbose
1/31/2020 9:38:40 AM unknown User: Enter Method: UnitySample.MainWindowViewModel.get_RandomObjects(), Verbose
1/31/2020 9:38:40 AM unknown User: Exit Method: UnitySample.MainWindowViewModel.get_RandomObjects(), Verbose
1/31/2020 9:38:40 AM unknown User: Enter Method: UnitySample.MainWindowViewModel.get_RandomObjects(), Verbose
1/31/2020 9:38:40 AM unknown User: Exit Method: UnitySample.MainWindowViewModel.get_RandomObjects(), Verbose
1/31/2020 9:38:40 AM unknown User: Exit Method: UnitySample.MainWindowViewModel.set_RandomObjects(System.Collections.ObjectModel.ObservableCollection`1[UnitySample.Common.Entities.RandomObject]), Verbose
1/31/2020 9:38:40 AM unknown User: Enter Method: UnitySample.MainWindowViewModel.get_RandomObjects(), Verbose
1/31/2020 9:38:40 AM unknown User: Exit Method: UnitySample.MainWindowViewModel.get_RandomObjects(), Verbose
1/31/2020 9:38:40 AM unknown User: Enter Method: UnitySample.MainWindowViewModel.set_RandomObjects(System.Collections.ObjectModel.ObservableCollection`1[UnitySample.Common.Entities.RandomObject]), Verbose
1/31/2020 9:38:40 AM unknown User: Enter Method: UnitySample.MainWindowViewModel.get_RandomObjects(), Verbose
1/31/2020 9:38:40 AM unknown User: Exit Method: UnitySample.MainWindowViewModel.get_RandomObjects(), Verbose
1/31/2020 9:38:40 AM unknown User: Enter Method: UnitySample.MainWindowViewModel.get_RandomObjects(), Verbose
1/31/2020 9:38:40 AM unknown User: Exit Method: UnitySample.MainWindowViewModel.get_RandomObjects(), Verbose
1/31/2020 9:38:40 AM unknown User: Exit Method: UnitySample.MainWindowViewModel.set_RandomObjects(System.Collections.ObjectModel.ObservableCollection`1[UnitySample.Common.Entities.RandomObject]), Verbose
1/31/2020 9:38:40 AM unknown User: Enter Method: UnitySample.MainWindowViewModel.get_RandomObjects(), Verbose
1/31/2020 9:38:40 AM unknown User: Exit Method: UnitySample.MainWindowViewModel.get_RandomObjects(), Verbose
1/31/2020 9:38:40 AM unknown User: Enter Method: UnitySample.MainWindowViewModel.set_RandomObjects(System.Collections.ObjectModel.ObservableCollection`1[UnitySample.Common.Entities.RandomObject]), Verbose
1/31/2020 9:38:40 AM unknown User: Enter Method: UnitySample.MainWindowViewModel.get_RandomObjects(), Verbose
1/31/2020 9:38:40 AM unknown User: Exit Method: UnitySample.MainWindowViewModel.get_RandomObjects(), Verbose
1/31/2020 9:38:40 AM unknown User: Enter Method: UnitySample.MainWindowViewModel.get_RandomObjects(), Verbose
1/31/2020 9:38:40 AM unknown User: Exit Method: UnitySample.MainWindowViewModel.get_RandomObjects(), Verbose
1/31/2020 9:38:40 AM unknown User: Exit Method: UnitySample.MainWindowViewModel.set_RandomObjects(System.Collections.ObjectModel.ObservableCollection`1[UnitySample.Common.Entities.RandomObject]), Verbose
1/31/2020 9:38:40 AM unknown User: Enter Method: UnitySample.MainWindowViewModel.get_RandomObjects(), Verbose
1/31/2020 9:38:40 AM unknown User: Exit Method: UnitySample.MainWindowViewModel.get_RandomObjects(), Verbose
1/31/2020 9:38:40 AM unknown User: Enter Method: UnitySample.MainWindowViewModel.set_RandomObjects(System.Collections.ObjectModel.ObservableCollection`1[UnitySample.Common.Entities.RandomObject]), Verbose
1/31/2020 9:38:40 AM unknown User: Enter Method: UnitySample.MainWindowViewModel.get_RandomObjects(), Verbose
1/31/2020 9:38:40 AM unknown User: Exit Method: UnitySample.MainWindowViewModel.get_RandomObjects(), Verbose
1/31/2020 9:38:40 AM unknown User: Enter Method: UnitySample.MainWindowViewModel.get_RandomObjects(), Verbose
1/31/2020 9:38:40 AM unknown User: Exit Method: UnitySample.MainWindowViewModel.get_RandomObjects(), Verbose
1/31/2020 9:38:40 AM unknown User: Exit Method: UnitySample.MainWindowViewModel.set_RandomObjects(System.Collections.ObjectModel.ObservableCollection`1[UnitySample.Common.Entities.RandomObject]), Verbose
1/31/2020 9:38:40 AM unknown User: Enter Method: UnitySample.MainWindowViewModel.get_RandomObjects(), Verbose
1/31/2020 9:38:40 AM unknown User: Exit Method: UnitySample.MainWindowViewModel.get_RandomObjects(), Verbose
1/31/2020 9:38:41 AM unknown User: Enter Method: UnitySample.MainWindowViewModel.set_RandomObjects(System.Collections.ObjectModel.ObservableCollection`1[UnitySample.Common.Entities.RandomObject]), Verbose
1/31/2020 9:38:41 AM unknown User: Enter Method: UnitySample.MainWindowViewModel.get_RandomObjects(), Verbose
1/31/2020 9:38:41 AM unknown User: Exit Method: UnitySample.MainWindowViewModel.get_RandomObjects(), Verbose
1/31/2020 9:38:41 AM unknown User: Enter Method: UnitySample.MainWindowViewModel.get_RandomObjects(), Verbose
1/31/2020 9:38:41 AM unknown User: Exit Method: UnitySample.MainWindowViewModel.get_RandomObjects(), Verbose
1/31/2020 9:38:41 AM unknown User: Exit Method: UnitySample.MainWindowViewModel.set_RandomObjects(System.Collections.ObjectModel.ObservableCollection`1[UnitySample.Common.Entities.RandomObject]), Verbose
1/31/2020 9:38:41 AM unknown User: Enter Method: UnitySample.MainWindowViewModel.get_RandomObjects(), Verbose
1/31/2020 9:38:41 AM unknown User: Exit Method: UnitySample.MainWindowViewModel.get_RandomObjects(), Verbose
1/31/2020 9:38:41 AM unknown User: Enter Method: UnitySample.MainWindowViewModel.set_RandomObjects(System.Collections.ObjectModel.ObservableCollection`1[UnitySample.Common.Entities.RandomObject]), Verbose
1/31/2020 9:38:41 AM unknown User: Enter Method: UnitySample.MainWindowViewModel.get_RandomObjects(), Verbose
1/31/2020 9:38:41 AM unknown User: Exit Method: UnitySample.MainWindowViewModel.get_RandomObjects(), Verbose
1/31/2020 9:38:41 AM unknown User: Enter Method: UnitySample.MainWindowViewModel.get_RandomObjects(), Verbose
1/31/2020 9:38:41 AM unknown User: Exit Method: UnitySample.MainWindowViewModel.get_RandomObjects(), Verbose
1/31/2020 9:38:41 AM unknown User: Exit Method: UnitySample.MainWindowViewModel.set_RandomObjects(System.Collections.ObjectModel.ObservableCollection`1[UnitySample.Common.Entities.RandomObject]), Verbose
1/31/2020 9:38:41 AM unknown User: Enter Method: UnitySample.MainWindowViewModel.get_RandomObjects(), Verbose
1/31/2020 9:38:41 AM unknown User: Exit Method: UnitySample.MainWindowViewModel.get_RandomObjects(), Verbose
1/31/2020 9:38:41 AM unknown User: Enter Method: UnitySample.MainWindowViewModel.set_RandomObjects(System.Collections.ObjectModel.ObservableCollection`1[UnitySample.Common.Entities.RandomObject]), Verbose
1/31/2020 9:38:41 AM unknown User: Enter Method: UnitySample.MainWindowViewModel.get_RandomObjects(), Verbose
1/31/2020 9:38:41 AM unknown User: Exit Method: UnitySample.MainWindowViewModel.get_RandomObjects(), Verbose
1/31/2020 9:38:41 AM unknown User: Enter Method: UnitySample.MainWindowViewModel.get_RandomObjects(), Verbose
1/31/2020 9:38:41 AM unknown User: Exit Method: UnitySample.MainWindowViewModel.get_RandomObjects(), Verbose
1/31/2020 9:38:41 AM unknown User: Exit Method: UnitySample.MainWindowViewModel.set_RandomObjects(System.Collections.ObjectModel.ObservableCollection`1[UnitySample.Common.Entities.RandomObject]), Verbose
1/31/2020 9:38:41 AM unknown User: Enter Method: UnitySample.MainWindowViewModel.get_RandomObjects(), Verbose
1/31/2020 9:38:41 AM unknown User: Exit Method: UnitySample.MainWindowViewModel.get_RandomObjects(), Verbose
1/31/2020 9:38:41 AM unknown User: Enter Method: UnitySample.MainWindowViewModel.set_RandomObjects(System.Collections.ObjectModel.ObservableCollection`1[UnitySample.Common.Entities.RandomObject]), Verbose
1/31/2020 9:38:41 AM unknown User: Enter Method: UnitySample.MainWindowViewModel.get_RandomObjects(), Verbose
1/31/2020 9:38:41 AM unknown User: Exit Method: UnitySample.MainWindowViewModel.get_RandomObjects(), Verbose
1/31/2020 9:38:41 AM unknown User: Enter Method: UnitySample.MainWindowViewModel.get_RandomObjects(), Verbose
1/31/2020 9:38:41 AM unknown User: Exit Method: UnitySample.MainWindowViewModel.get_RandomObjects(), Verbose
1/31/2020 9:38:41 AM unknown User: Exit Method: UnitySample.MainWindowViewModel.set_RandomObjects(System.Collections.ObjectModel.ObservableCollection`1[UnitySample.Common.Entities.RandomObject]), Verbose
1/31/2020 9:38:41 AM unknown User: Enter Method: UnitySample.MainWindowViewModel.get_RandomObjects(), Verbose
1/31/2020 9:38:41 AM unknown User: Exit Method: UnitySample.MainWindowViewModel.get_RandomObjects(), Verbose
1/31/2020 9:38:41 AM unknown User: Enter Method: UnitySample.MainWindowViewModel.set_RandomObjects(System.Collections.ObjectModel.ObservableCollection`1[UnitySample.Common.Entities.RandomObject]), Verbose
1/31/2020 9:38:41 AM unknown User: Enter Method: UnitySample.MainWindowViewModel.get_RandomObjects(), Verbose
1/31/2020 9:38:41 AM unknown User: Exit Method: UnitySample.MainWindowViewModel.get_RandomObjects(), Verbose
1/31/2020 9:38:41 AM unknown User: Enter Method: UnitySample.MainWindowViewModel.get_RandomObjects(), Verbose
1/31/2020 9:38:41 AM unknown User: Exit Method: UnitySample.MainWindowViewModel.get_RandomObjects(), Verbose
1/31/2020 9:38:41 AM unknown User: Exit Method: UnitySample.MainWindowViewModel.set_RandomObjects(System.Collections.ObjectModel.ObservableCollection`1[UnitySample.Common.Entities.RandomObject]), Verbose
1/31/2020 9:38:41 AM unknown User: Enter Method: UnitySample.MainWindowViewModel.get_RandomObjects(), Verbose
1/31/2020 9:38:41 AM unknown User: Exit Method: UnitySample.MainWindowViewModel.get_RandomObjects(), Verbose
1/31/2020 9:38:42 AM unknown User: Enter Method: UnitySample.MainWindowViewModel.set_RandomObjects(System.Collections.ObjectModel.ObservableCollection`1[UnitySample.Common.Entities.RandomObject]), Verbose
1/31/2020 9:38:42 AM unknown User: Enter Method: UnitySample.MainWindowViewModel.get_RandomObjects(), Verbose
1/31/2020 9:38:42 AM unknown User: Exit Method: UnitySample.MainWindowViewModel.get_RandomObjects(), Verbose
1/31/2020 9:38:42 AM unknown User: Enter Method: UnitySample.MainWindowViewModel.get_RandomObjects(), Verbose
1/31/2020 9:38:42 AM unknown User: Exit Method: UnitySample.MainWindowViewModel.get_RandomObjects(), Verbose
1/31/2020 9:38:42 AM unknown User: Exit Method: UnitySample.MainWindowViewModel.set_RandomObjects(System.Collections.ObjectModel.ObservableCollection`1[UnitySample.Common.Entities.RandomObject]), Verbose
1/31/2020 9:38:42 AM unknown User: Enter Method: UnitySample.MainWindowViewModel.get_RandomObjects(), Verbose
1/31/2020 9:38:42 AM unknown User: Exit Method: UnitySample.MainWindowViewModel.get_RandomObjects(), Verbose
1/31/2020 9:38:42 AM unknown User: Enter Method: UnitySample.MainWindowViewModel.set_RandomObjects(System.Collections.ObjectModel.ObservableCollection`1[UnitySample.Common.Entities.RandomObject]), Verbose
1/31/2020 9:38:42 AM unknown User: Enter Method: UnitySample.MainWindowViewModel.get_RandomObjects(), Verbose
1/31/2020 9:38:42 AM unknown User: Exit Method: UnitySample.MainWindowViewModel.get_RandomObjects(), Verbose
1/31/2020 9:38:42 AM unknown User: Enter Method: UnitySample.MainWindowViewModel.get_RandomObjects(), Verbose
1/31/2020 9:38:42 AM unknown User: Exit Method: UnitySample.MainWindowViewModel.get_RandomObjects(), Verbose
1/31/2020 9:38:42 AM unknown User: Exit Method: UnitySample.MainWindowViewModel.set_RandomObjects(System.Collections.ObjectModel.ObservableCollection`1[UnitySample.Common.Entities.RandomObject]), Verbose
1/31/2020 9:38:42 AM unknown User: Enter Method: UnitySample.MainWindowViewModel.get_RandomObjects(), Verbose
1/31/2020 9:38:42 AM unknown User: Exit Method: UnitySample.MainWindowViewModel.get_RandomObjects(), Verbose
1/31/2020 9:38:42 AM unknown User: Enter Method: UnitySample.MainWindowViewModel.set_RandomObjects(System.Collections.ObjectModel.ObservableCollection`1[UnitySample.Common.Entities.RandomObject]), Verbose
1/31/2020 9:38:42 AM unknown User: Enter Method: UnitySample.MainWindowViewModel.get_RandomObjects(), Verbose
1/31/2020 9:38:42 AM unknown User: Exit Method: UnitySample.MainWindowViewModel.get_RandomObjects(), Verbose
1/31/2020 9:38:42 AM unknown User: Enter Method: UnitySample.MainWindowViewModel.get_RandomObjects(), Verbose
1/31/2020 9:38:42 AM unknown User: Exit Method: UnitySample.MainWindowViewModel.get_RandomObjects(), Verbose
1/31/2020 9:38:42 AM unknown User: Exit Method: UnitySample.MainWindowViewModel.set_RandomObjects(System.Collections.ObjectModel.ObservableCollection`1[UnitySample.Common.Entities.RandomObject]), Verbose
1/31/2020 9:38:42 AM unknown User: Enter Method: UnitySample.MainWindowViewModel.get_RandomObjects(), Verbose
1/31/2020 9:38:42 AM unknown User: Exit Method: UnitySample.MainWindowViewModel.get_RandomObjects(), Verbose
1/31/2020 9:38:42 AM unknown User: Enter Method: UnitySample.MainWindowViewModel.set_RandomObjects(System.Collections.ObjectModel.ObservableCollection`1[UnitySample.Common.Entities.RandomObject]), Verbose
1/31/2020 9:38:42 AM unknown User: Enter Method: UnitySample.MainWindowViewModel.get_RandomObjects(), Verbose
1/31/2020 9:38:42 AM unknown User: Exit Method: UnitySample.MainWindowViewModel.get_RandomObjects(), Verbose
1/31/2020 9:38:42 AM unknown User: Enter Method: UnitySample.MainWindowViewModel.get_RandomObjects(), Verbose
1/31/2020 9:38:42 AM unknown User: Exit Method: UnitySample.MainWindowViewModel.get_RandomObjects(), Verbose
1/31/2020 9:38:42 AM unknown User: Exit Method: UnitySample.MainWindowViewModel.set_RandomObjects(System.Collections.ObjectModel.ObservableCollection`1[UnitySample.Common.Entities.RandomObject]), Verbose
1/31/2020 9:38:42 AM unknown User: Enter Method: UnitySample.MainWindowViewModel.get_RandomObjects(), Verbose
1/31/2020 9:38:42 AM unknown User: Exit Method: UnitySample.MainWindowViewModel.get_RandomObjects(), Verbose
1/31/2020 9:38:42 AM unknown User: Enter Method: UnitySample.MainWindowViewModel.set_RandomObjects(System.Collections.ObjectModel.ObservableCollection`1[UnitySample.Common.Entities.RandomObject]), Verbose
1/31/2020 9:38:42 AM unknown User: Enter Method: UnitySample.MainWindowViewModel.get_RandomObjects(), Verbose
1/31/2020 9:38:42 AM unknown User: Exit Method: UnitySample.MainWindowViewModel.get_RandomObjects(), Verbose
1/31/2020 9:38:42 AM unknown User: Enter Method: UnitySample.MainWindowViewModel.get_RandomObjects(), Verbose
1/31/2020 9:38:42 AM unknown User: Exit Method: UnitySample.MainWindowViewModel.get_RandomObjects(), Verbose
1/31/2020 9:38:42 AM unknown User: Exit Method: UnitySample.MainWindowViewModel.set_RandomObjects(System.Collections.ObjectModel.ObservableCollection`1[UnitySample.Common.Entities.RandomObject]), Verbose
1/31/2020 9:38:42 AM unknown User: Enter Method: UnitySample.MainWindowViewModel.get_RandomObjects(), Verbose
1/31/2020 9:38:42 AM unknown User: Exit Method: UnitySample.MainWindowViewModel.get_RandomObjects(), Verbose
1/31/2020 9:38:43 AM unknown User: Enter Method: UnitySample.MainWindowViewModel.set_RandomObjects(System.Collections.ObjectModel.ObservableCollection`1[UnitySample.Common.Entities.RandomObject]), Verbose
1/31/2020 9:38:43 AM unknown User: Enter Method: UnitySample.MainWindowViewModel.get_RandomObjects(), Verbose
1/31/2020 9:38:43 AM unknown User: Exit Method: UnitySample.MainWindowViewModel.get_RandomObjects(), Verbose
1/31/2020 9:38:43 AM unknown User: Enter Method: UnitySample.MainWindowViewModel.get_RandomObjects(), Verbose
1/31/2020 9:38:43 AM unknown User: Exit Method: UnitySample.MainWindowViewModel.get_RandomObjects(), Verbose
1/31/2020 9:38:43 AM unknown User: Exit Method: UnitySample.MainWindowViewModel.set_RandomObjects(System.Collections.ObjectModel.ObservableCollection`1[UnitySample.Common.Entities.RandomObject]), Verbose
1/31/2020 9:38:43 AM unknown User: Enter Method: UnitySample.MainWindowViewModel.get_RandomObjects(), Verbose
1/31/2020 9:38:43 AM unknown User: Exit Method: UnitySample.MainWindowViewModel.get_RandomObjects(), Verbose
1/31/2020 9:38:43 AM unknown User: Enter Method: UnitySample.MainWindowViewModel.set_RandomObjects(System.Collections.ObjectModel.ObservableCollection`1[UnitySample.Common.Entities.RandomObject]), Verbose
1/31/2020 9:38:43 AM unknown User: Enter Method: UnitySample.MainWindowViewModel.get_RandomObjects(), Verbose
1/31/2020 9:38:43 AM unknown User: Exit Method: UnitySample.MainWindowViewModel.get_RandomObjects(), Verbose
1/31/2020 9:38:43 AM unknown User: Enter Method: UnitySample.MainWindowViewModel.get_RandomObjects(), Verbose
1/31/2020 9:38:43 AM unknown User: Exit Method: UnitySample.MainWindowViewModel.get_RandomObjects(), Verbose
1/31/2020 9:38:43 AM unknown User: Exit Method: UnitySample.MainWindowViewModel.set_RandomObjects(System.Collections.ObjectModel.ObservableCollection`1[UnitySample.Common.Entities.RandomObject]), Verbose
1/31/2020 9:38:43 AM unknown User: Enter Method: UnitySample.MainWindowViewModel.get_RandomObjects(), Verbose
1/31/2020 9:38:43 AM unknown User: Exit Method: UnitySample.MainWindowViewModel.get_RandomObjects(), Verbose
1/31/2020 9:38:43 AM unknown User: Enter Method: UnitySample.MainWindowViewModel.set_RandomObjects(System.Collections.ObjectModel.ObservableCollection`1[UnitySample.Common.Entities.RandomObject]), Verbose
1/31/2020 9:38:43 AM unknown User: Enter Method: UnitySample.MainWindowViewModel.get_RandomObjects(), Verbose
1/31/2020 9:38:43 AM unknown User: Exit Method: UnitySample.MainWindowViewModel.get_RandomObjects(), Verbose
1/31/2020 9:38:43 AM unknown User: Enter Method: UnitySample.MainWindowViewModel.get_RandomObjects(), Verbose
1/31/2020 9:38:43 AM unknown User: Exit Method: UnitySample.MainWindowViewModel.get_RandomObjects(), Verbose
1/31/2020 9:38:43 AM unknown User: Exit Method: UnitySample.MainWindowViewModel.set_RandomObjects(System.Collections.ObjectModel.ObservableCollection`1[UnitySample.Common.Entities.RandomObject]), Verbose
1/31/2020 9:38:43 AM unknown User: Enter Method: UnitySample.MainWindowViewModel.get_RandomObjects(), Verbose
1/31/2020 9:38:43 AM unknown User: Exit Method: UnitySample.MainWindowViewModel.get_RandomObjects(), Verbose
1/31/2020 9:38:43 AM unknown User: Enter Method: UnitySample.MainWindowViewModel.set_RandomObjects(System.Collections.ObjectModel.ObservableCollection`1[UnitySample.Common.Entities.RandomObject]), Verbose
1/31/2020 9:38:43 AM unknown User: Enter Method: UnitySample.MainWindowViewModel.get_RandomObjects(), Verbose
1/31/2020 9:38:43 AM unknown User: Exit Method: UnitySample.MainWindowViewModel.get_RandomObjects(), Verbose
1/31/2020 9:38:43 AM unknown User: Enter Method: UnitySample.MainWindowViewModel.get_RandomObjects(), Verbose
1/31/2020 9:38:43 AM unknown User: Exit Method: UnitySample.MainWindowViewModel.get_RandomObjects(), Verbose
1/31/2020 9:38:43 AM unknown User: Exit Method: UnitySample.MainWindowViewModel.set_RandomObjects(System.Collections.ObjectModel.ObservableCollection`1[UnitySample.Common.Entities.RandomObject]), Verbose
1/31/2020 9:38:43 AM unknown User: Enter Method: UnitySample.MainWindowViewModel.get_RandomObjects(), Verbose
1/31/2020 9:38:43 AM unknown User: Exit Method: UnitySample.MainWindowViewModel.get_RandomObjects(), Verbose
1/31/2020 9:38:43 AM unknown User: Enter Method: UnitySample.MainWindowViewModel.set_RandomObjects(System.Collections.ObjectModel.ObservableCollection`1[UnitySample.Common.Entities.RandomObject]), Verbose
1/31/2020 9:38:43 AM unknown User: Enter Method: UnitySample.MainWindowViewModel.get_RandomObjects(), Verbose
1/31/2020 9:38:43 AM unknown User: Exit Method: UnitySample.MainWindowViewModel.get_RandomObjects(), Verbose
1/31/2020 9:38:43 AM unknown User: Enter Method: UnitySample.MainWindowViewModel.get_RandomObjects(), Verbose
1/31/2020 9:38:43 AM unknown User: Exit Method: UnitySample.MainWindowViewModel.get_RandomObjects(), Verbose
1/31/2020 9:38:43 AM unknown User: Exit Method: UnitySample.MainWindowViewModel.set_RandomObjects(System.Collections.ObjectModel.ObservableCollection`1[UnitySample.Common.Entities.RandomObject]), Verbose
1/31/2020 9:38:43 AM unknown User: Enter Method: UnitySample.MainWindowViewModel.get_RandomObjects(), Verbose
1/31/2020 9:38:43 AM unknown User: Exit Method: UnitySample.MainWindowViewModel.get_RandomObjects(), Verbose
1/31/2020 9:38:43 AM unknown User: Enter Method: UnitySample.MainWindowViewModel.set_RandomObjects(System.Collections.ObjectModel.ObservableCollection`1[UnitySample.Common.Entities.RandomObject]), Verbose
1/31/2020 9:38:43 AM unknown User: Enter Method: UnitySample.MainWindowViewModel.get_RandomObjects(), Verbose
1/31/2020 9:38:43 AM unknown User: Exit Method: UnitySample.MainWindowViewModel.get_RandomObjects(), Verbose
1/31/2020 9:38:43 AM unknown User: Enter Method: UnitySample.MainWindowViewModel.get_RandomObjects(), Verbose
1/31/2020 9:38:43 AM unknown User: Exit Method: UnitySample.MainWindowViewModel.get_RandomObjects(), Verbose
1/31/2020 9:38:43 AM unknown User: Exit Method: UnitySample.MainWindowViewModel.set_RandomObjects(System.Collections.ObjectModel.ObservableCollection`1[UnitySample.Common.Entities.RandomObject]), Verbose
1/31/2020 9:38:43 AM unknown User: Enter Method: UnitySample.MainWindowViewModel.get_RandomObjects(), Verbose
1/31/2020 9:38:43 AM unknown User: Exit Method: UnitySample.MainWindowViewModel.get_RandomObjects(), Verbose
1/31/2020 9:38:44 AM unknown User: Enter Method: UnitySample.MainWindowViewModel.set_RandomObjects(System.Collections.ObjectModel.ObservableCollection`1[UnitySample.Common.Entities.RandomObject]), Verbose
1/31/2020 9:38:44 AM unknown User: Enter Method: UnitySample.MainWindowViewModel.get_RandomObjects(), Verbose
1/31/2020 9:38:44 AM unknown User: Exit Method: UnitySample.MainWindowViewModel.get_RandomObjects(), Verbose
1/31/2020 9:38:44 AM unknown User: Enter Method: UnitySample.MainWindowViewModel.get_RandomObjects(), Verbose
1/31/2020 9:38:44 AM unknown User: Exit Method: UnitySample.MainWindowViewModel.get_RandomObjects(), Verbose
1/31/2020 9:38:44 AM unknown User: Exit Method: UnitySample.MainWindowViewModel.set_RandomObjects(System.Collections.ObjectModel.ObservableCollection`1[UnitySample.Common.Entities.RandomObject]), Verbose
1/31/2020 9:38:44 AM unknown User: Enter Method: UnitySample.MainWindowViewModel.get_RandomObjects(), Verbose
1/31/2020 9:38:44 AM unknown User: Exit Method: UnitySample.MainWindowViewModel.get_RandomObjects(), Verbose
1/31/2020 9:38:44 AM unknown User: Enter Method: UnitySample.MainWindowViewModel.set_RandomObjects(System.Collections.ObjectModel.ObservableCollection`1[UnitySample.Common.Entities.RandomObject]), Verbose
1/31/2020 9:38:44 AM unknown User: Enter Method: UnitySample.MainWindowViewModel.get_RandomObjects(), Verbose
1/31/2020 9:38:44 AM unknown User: Exit Method: UnitySample.MainWindowViewModel.get_RandomObjects(), Verbose
1/31/2020 9:38:44 AM unknown User: Enter Method: UnitySample.MainWindowViewModel.get_RandomObjects(), Verbose
1/31/2020 9:38:44 AM unknown User: Exit Method: UnitySample.MainWindowViewModel.get_RandomObjects(), Verbose
1/31/2020 9:38:44 AM unknown User: Exit Method: UnitySample.MainWindowViewModel.set_RandomObjects(System.Collections.ObjectModel.ObservableCollection`1[UnitySample.Common.Entities.RandomObject]), Verbose
1/31/2020 9:38:44 AM unknown User: Enter Method: UnitySample.MainWindowViewModel.get_RandomObjects(), Verbose
1/31/2020 9:38:44 AM unknown User: Exit Method: UnitySample.MainWindowViewModel.get_RandomObjects(), Verbose
1/31/2020 9:38:44 AM unknown User: Enter Method: UnitySample.MainWindowViewModel.set_RandomObjects(System.Collections.ObjectModel.ObservableCollection`1[UnitySample.Common.Entities.RandomObject]), Verbose
1/31/2020 9:38:44 AM unknown User: Enter Method: UnitySample.MainWindowViewModel.get_RandomObjects(), Verbose
1/31/2020 9:38:44 AM unknown User: Exit Method: UnitySample.MainWindowViewModel.get_RandomObjects(), Verbose
1/31/2020 9:38:44 AM unknown User: Enter Method: UnitySample.MainWindowViewModel.get_RandomObjects(), Verbose
1/31/2020 9:38:44 AM unknown User: Exit Method: UnitySample.MainWindowViewModel.get_RandomObjects(), Verbose
1/31/2020 9:38:44 AM unknown User: Exit Method: UnitySample.MainWindowViewModel.set_RandomObjects(System.Collections.ObjectModel.ObservableCollection`1[UnitySample.Common.Entities.RandomObject]), Verbose
1/31/2020 9:38:44 AM unknown User: Enter Method: UnitySample.MainWindowViewModel.get_RandomObjects(), Verbose
1/31/2020 9:38:44 AM unknown User: Exit Method: UnitySample.MainWindowViewModel.get_RandomObjects(), Verbose
1/31/2020 9:38:44 AM unknown User: Enter Method: UnitySample.MainWindowViewModel.set_RandomObjects(System.Collections.ObjectModel.ObservableCollection`1[UnitySample.Common.Entities.RandomObject]), Verbose
1/31/2020 9:38:44 AM unknown User: Enter Method: UnitySample.MainWindowViewModel.get_RandomObjects(), Verbose
1/31/2020 9:38:44 AM unknown User: Exit Method: UnitySample.MainWindowViewModel.get_RandomObjects(), Verbose
1/31/2020 9:38:44 AM unknown User: Enter Method: UnitySample.MainWindowViewModel.get_RandomObjects(), Verbose
1/31/2020 9:38:44 AM unknown User: Exit Method: UnitySample.MainWindowViewModel.get_RandomObjects(), Verbose
1/31/2020 9:38:44 AM unknown User: Exit Method: UnitySample.MainWindowViewModel.set_RandomObjects(System.Collections.ObjectModel.ObservableCollection`1[UnitySample.Common.Entities.RandomObject]), Verbose
1/31/2020 9:38:44 AM unknown User: Enter Method: UnitySample.MainWindowViewModel.get_RandomObjects(), Verbose
1/31/2020 9:38:44 AM unknown User: Exit Method: UnitySample.MainWindowViewModel.get_RandomObjects(), Verbose
1/31/2020 9:38:44 AM unknown User: Enter Method: UnitySample.MainWindowViewModel.set_RandomObjects(System.Collections.ObjectModel.ObservableCollection`1[UnitySample.Common.Entities.RandomObject]), Verbose
1/31/2020 9:38:44 AM unknown User: Enter Method: UnitySample.MainWindowViewModel.get_RandomObjects(), Verbose
1/31/2020 9:38:44 AM unknown User: Exit Method: UnitySample.MainWindowViewModel.get_RandomObjects(), Verbose
1/31/2020 9:38:44 AM unknown User: Enter Method: UnitySample.MainWindowViewModel.get_RandomObjects(), Verbose
1/31/2020 9:38:44 AM unknown User: Exit Method: UnitySample.MainWindowViewModel.get_RandomObjects(), Verbose
1/31/2020 9:38:44 AM unknown User: Exit Method: UnitySample.MainWindowViewModel.set_RandomObjects(System.Collections.ObjectModel.ObservableCollection`1[UnitySample.Common.Entities.RandomObject]), Verbose
1/31/2020 9:38:44 AM unknown User: Enter Method: UnitySample.MainWindowViewModel.get_RandomObjects(), Verbose
1/31/2020 9:38:44 AM unknown User: Exit Method: UnitySample.MainWindowViewModel.get_RandomObjects(), Verbose
1/31/2020 9:38:45 AM unknown User: Enter Method: UnitySample.MainWindowViewModel.set_RandomObjects(System.Collections.ObjectModel.ObservableCollection`1[UnitySample.Common.Entities.RandomObject]), Verbose
1/31/2020 9:38:45 AM unknown User: Enter Method: UnitySample.MainWindowViewModel.get_RandomObjects(), Verbose
1/31/2020 9:38:45 AM unknown User: Exit Method: UnitySample.MainWindowViewModel.get_RandomObjects(), Verbose
1/31/2020 9:38:45 AM unknown User: Enter Method: UnitySample.MainWindowViewModel.get_RandomObjects(), Verbose
1/31/2020 9:38:45 AM unknown User: Exit Method: UnitySample.MainWindowViewModel.get_RandomObjects(), Verbose
1/31/2020 9:38:45 AM unknown User: Exit Method: UnitySample.MainWindowViewModel.set_RandomObjects(System.Collections.ObjectModel.ObservableCollection`1[UnitySample.Common.Entities.RandomObject]), Verbose
1/31/2020 9:38:45 AM unknown User: Enter Method: UnitySample.MainWindowViewModel.get_RandomObjects(), Verbose
1/31/2020 9:38:45 AM unknown User: Exit Method: UnitySample.MainWindowViewModel.get_RandomObjects(), Verbose
1/31/2020 9:38:45 AM unknown User: Enter Method: UnitySample.MainWindowViewModel.set_RandomObjects(System.Collections.ObjectModel.ObservableCollection`1[UnitySample.Common.Entities.RandomObject]), Verbose
1/31/2020 9:38:45 AM unknown User: Enter Method: UnitySample.MainWindowViewModel.get_RandomObjects(), Verbose
1/31/2020 9:38:45 AM unknown User: Exit Method: UnitySample.MainWindowViewModel.get_RandomObjects(), Verbose
1/31/2020 9:38:45 AM unknown User: Enter Method: UnitySample.MainWindowViewModel.get_RandomObjects(), Verbose
1/31/2020 9:38:45 AM unknown User: Exit Method: UnitySample.MainWindowViewModel.get_RandomObjects(), Verbose
1/31/2020 9:38:45 AM unknown User: Exit Method: UnitySample.MainWindowViewModel.set_RandomObjects(System.Collections.ObjectModel.ObservableCollection`1[UnitySample.Common.Entities.RandomObject]), Verbose
1/31/2020 9:38:45 AM unknown User: Enter Method: UnitySample.MainWindowViewModel.get_RandomObjects(), Verbose
1/31/2020 9:38:45 AM unknown User: Exit Method: UnitySample.MainWindowViewModel.get_RandomObjects(), Verbose
1/31/2020 9:38:45 AM unknown User: Enter Method: UnitySample.MainWindowViewModel.set_RandomObjects(System.Collections.ObjectModel.ObservableCollection`1[UnitySample.Common.Entities.RandomObject]), Verbose
1/31/2020 9:38:45 AM unknown User: Enter Method: UnitySample.MainWindowViewModel.get_RandomObjects(), Verbose
1/31/2020 9:38:45 AM unknown User: Exit Method: UnitySample.MainWindowViewModel.get_RandomObjects(), Verbose
1/31/2020 9:38:45 AM unknown User: Enter Method: UnitySample.MainWindowViewModel.get_RandomObjects(), Verbose
1/31/2020 9:38:45 AM unknown User: Exit Method: UnitySample.MainWindowViewModel.get_RandomObjects(), Verbose
1/31/2020 9:38:45 AM unknown User: Exit Method: UnitySample.MainWindowViewModel.set_RandomObjects(System.Collections.ObjectModel.ObservableCollection`1[UnitySample.Common.Entities.RandomObject]), Verbose
1/31/2020 9:38:45 AM unknown User: Enter Method: UnitySample.MainWindowViewModel.get_RandomObjects(), Verbose
1/31/2020 9:38:45 AM unknown User: Exit Method: UnitySample.MainWindowViewModel.get_RandomObjects(), Verbose
1/31/2020 9:38:45 AM unknown User: Enter Method: UnitySample.MainWindowViewModel.set_RandomObjects(System.Collections.ObjectModel.ObservableCollection`1[UnitySample.Common.Entities.RandomObject]), Verbose
1/31/2020 9:38:45 AM unknown User: Enter Method: UnitySample.MainWindowViewModel.get_RandomObjects(), Verbose
1/31/2020 9:38:45 AM unknown User: Exit Method: UnitySample.MainWindowViewModel.get_RandomObjects(), Verbose
1/31/2020 9:38:45 AM unknown User: Enter Method: UnitySample.MainWindowViewModel.get_RandomObjects(), Verbose
1/31/2020 9:38:45 AM unknown User: Exit Method: UnitySample.MainWindowViewModel.get_RandomObjects(), Verbose
1/31/2020 9:38:45 AM unknown User: Exit Method: UnitySample.MainWindowViewModel.set_RandomObjects(System.Collections.ObjectModel.ObservableCollection`1[UnitySample.Common.Entities.RandomObject]), Verbose
1/31/2020 9:38:45 AM unknown User: Enter Method: UnitySample.MainWindowViewModel.get_RandomObjects(), Verbose
1/31/2020 9:38:45 AM unknown User: Exit Method: UnitySample.MainWindowViewModel.get_RandomObjects(), Verbose
1/31/2020 9:38:45 AM unknown User: Enter Method: UnitySample.MainWindowViewModel.set_RandomObjects(System.Collections.ObjectModel.ObservableCollection`1[UnitySample.Common.Entities.RandomObject]), Verbose
1/31/2020 9:38:45 AM unknown User: Enter Method: UnitySample.MainWindowViewModel.get_RandomObjects(), Verbose
1/31/2020 9:38:45 AM unknown User: Exit Method: UnitySample.MainWindowViewModel.get_RandomObjects(), Verbose
1/31/2020 9:38:45 AM unknown User: Enter Method: UnitySample.MainWindowViewModel.get_RandomObjects(), Verbose
1/31/2020 9:38:45 AM unknown User: Exit Method: UnitySample.MainWindowViewModel.get_RandomObjects(), Verbose
1/31/2020 9:38:45 AM unknown User: Exit Method: UnitySample.MainWindowViewModel.set_RandomObjects(System.Collections.ObjectModel.ObservableCollection`1[UnitySample.Common.Entities.RandomObject]), Verbose
1/31/2020 9:38:45 AM unknown User: Enter Method: UnitySample.MainWindowViewModel.get_RandomObjects(), Verbose
1/31/2020 9:38:45 AM unknown User: Exit Method: UnitySample.MainWindowViewModel.get_RandomObjects(), Verbose
1/31/2020 9:38:46 AM unknown User: Enter Method: UnitySample.MainWindowViewModel.set_RandomObjects(System.Collections.ObjectModel.ObservableCollection`1[UnitySample.Common.Entities.RandomObject]), Verbose
1/31/2020 9:38:46 AM unknown User: Enter Method: UnitySample.MainWindowViewModel.get_RandomObjects(), Verbose
1/31/2020 9:38:46 AM unknown User: Exit Method: UnitySample.MainWindowViewModel.get_RandomObjects(), Verbose
1/31/2020 9:38:46 AM unknown User: Enter Method: UnitySample.MainWindowViewModel.get_RandomObjects(), Verbose
1/31/2020 9:38:46 AM unknown User: Exit Method: UnitySample.MainWindowViewModel.get_RandomObjects(), Verbose
1/31/2020 9:38:46 AM unknown User: Exit Method: UnitySample.MainWindowViewModel.set_RandomObjects(System.Collections.ObjectModel.ObservableCollection`1[UnitySample.Common.Entities.RandomObject]), Verbose
1/31/2020 9:38:46 AM unknown User: Enter Method: UnitySample.MainWindowViewModel.get_RandomObjects(), Verbose
1/31/2020 9:38:46 AM unknown User: Exit Method: UnitySample.MainWindowViewModel.get_RandomObjects(), Verbose
1/31/2020 9:38:46 AM unknown User: Enter Method: UnitySample.MainWindowViewModel.set_RandomObjects(System.Collections.ObjectModel.ObservableCollection`1[UnitySample.Common.Entities.RandomObject]), Verbose
1/31/2020 9:38:46 AM unknown User: Enter Method: UnitySample.MainWindowViewModel.get_RandomObjects(), Verbose
1/31/2020 9:38:46 AM unknown User: Exit Method: UnitySample.MainWindowViewModel.get_RandomObjects(), Verbose
1/31/2020 9:38:46 AM unknown User: Enter Method: UnitySample.MainWindowViewModel.get_RandomObjects(), Verbose
1/31/2020 9:38:46 AM unknown User: Exit Method: UnitySample.MainWindowViewModel.get_RandomObjects(), Verbose
1/31/2020 9:38:46 AM unknown User: Exit Method: UnitySample.MainWindowViewModel.set_RandomObjects(System.Collections.ObjectModel.ObservableCollection`1[UnitySample.Common.Entities.RandomObject]), Verbose
1/31/2020 9:38:46 AM unknown User: Enter Method: UnitySample.MainWindowViewModel.get_RandomObjects(), Verbose
1/31/2020 9:38:46 AM unknown User: Exit Method: UnitySample.MainWindowViewModel.get_RandomObjects(), Verbose
1/31/2020 9:38:46 AM unknown User: Enter Method: UnitySample.MainWindowViewModel.set_RandomObjects(System.Collections.ObjectModel.ObservableCollection`1[UnitySample.Common.Entities.RandomObject]), Verbose
1/31/2020 9:38:46 AM unknown User: Enter Method: UnitySample.MainWindowViewModel.get_RandomObjects(), Verbose
1/31/2020 9:38:46 AM unknown User: Exit Method: UnitySample.MainWindowViewModel.get_RandomObjects(), Verbose
1/31/2020 9:38:46 AM unknown User: Enter Method: UnitySample.MainWindowViewModel.get_RandomObjects(), Verbose
1/31/2020 9:38:46 AM unknown User: Exit Method: UnitySample.MainWindowViewModel.get_RandomObjects(), Verbose
1/31/2020 9:38:46 AM unknown User: Exit Method: UnitySample.MainWindowViewModel.set_RandomObjects(System.Collections.ObjectModel.ObservableCollection`1[UnitySample.Common.Entities.RandomObject]), Verbose
1/31/2020 9:38:46 AM unknown User: Enter Method: UnitySample.MainWindowViewModel.get_RandomObjects(), Verbose
1/31/2020 9:38:46 AM unknown User: Exit Method: UnitySample.MainWindowViewModel.get_RandomObjects(), Verbose
1/31/2020 9:38:46 AM unknown User: Enter Method: UnitySample.MainWindowViewModel.set_RandomObjects(System.Collections.ObjectModel.ObservableCollection`1[UnitySample.Common.Entities.RandomObject]), Verbose
1/31/2020 9:38:46 AM unknown User: Enter Method: UnitySample.MainWindowViewModel.get_RandomObjects(), Verbose
1/31/2020 9:38:46 AM unknown User: Exit Method: UnitySample.MainWindowViewModel.get_RandomObjects(), Verbose
1/31/2020 9:38:46 AM unknown User: Enter Method: UnitySample.MainWindowViewModel.get_RandomObjects(), Verbose
1/31/2020 9:38:46 AM unknown User: Exit Method: UnitySample.MainWindowViewModel.get_RandomObjects(), Verbose
1/31/2020 9:38:46 AM unknown User: Exit Method: UnitySample.MainWindowViewModel.set_RandomObjects(System.Collections.ObjectModel.ObservableCollection`1[UnitySample.Common.Entities.RandomObject]), Verbose
1/31/2020 9:38:46 AM unknown User: Enter Method: UnitySample.MainWindowViewModel.get_RandomObjects(), Verbose
1/31/2020 9:38:46 AM unknown User: Exit Method: UnitySample.MainWindowViewModel.get_RandomObjects(), Verbose
1/31/2020 9:38:46 AM unknown User: Enter Method: UnitySample.MainWindowViewModel.set_RandomObjects(System.Collections.ObjectModel.ObservableCollection`1[UnitySample.Common.Entities.RandomObject]), Verbose
1/31/2020 9:38:46 AM unknown User: Enter Method: UnitySample.MainWindowViewModel.get_RandomObjects(), Verbose
1/31/2020 9:38:46 AM unknown User: Exit Method: UnitySample.MainWindowViewModel.get_RandomObjects(), Verbose
1/31/2020 9:38:46 AM unknown User: Enter Method: UnitySample.MainWindowViewModel.get_RandomObjects(), Verbose
1/31/2020 9:38:46 AM unknown User: Exit Method: UnitySample.MainWindowViewModel.get_RandomObjects(), Verbose
1/31/2020 9:38:46 AM unknown User: Exit Method: UnitySample.MainWindowViewModel.set_RandomObjects(System.Collections.ObjectModel.ObservableCollection`1[UnitySample.Common.Entities.RandomObject]), Verbose
1/31/2020 9:38:46 AM unknown User: Enter Method: UnitySample.MainWindowViewModel.get_RandomObjects(), Verbose
1/31/2020 9:38:46 AM unknown User: Exit Method: UnitySample.MainWindowViewModel.get_RandomObjects(), Verbose
1/31/2020 9:38:47 AM unknown User: Enter Method: UnitySample.MainWindowViewModel.set_RandomObjects(System.Collections.ObjectModel.ObservableCollection`1[UnitySample.Common.Entities.RandomObject]), Verbose
1/31/2020 9:38:47 AM unknown User: Enter Method: UnitySample.MainWindowViewModel.get_RandomObjects(), Verbose
1/31/2020 9:38:47 AM unknown User: Exit Method: UnitySample.MainWindowViewModel.get_RandomObjects(), Verbose
1/31/2020 9:38:47 AM unknown User: Enter Method: UnitySample.MainWindowViewModel.get_RandomObjects(), Verbose
1/31/2020 9:38:47 AM unknown User: Exit Method: UnitySample.MainWindowViewModel.get_RandomObjects(), Verbose
1/31/2020 9:38:47 AM unknown User: Exit Method: UnitySample.MainWindowViewModel.set_RandomObjects(System.Collections.ObjectModel.ObservableCollection`1[UnitySample.Common.Entities.RandomObject]), Verbose
1/31/2020 9:38:47 AM unknown User: Enter Method: UnitySample.MainWindowViewModel.get_RandomObjects(), Verbose
1/31/2020 9:38:47 AM unknown User: Exit Method: UnitySample.MainWindowViewModel.get_RandomObjects(), Verbose
1/31/2020 9:38:47 AM unknown User: Enter Method: UnitySample.MainWindowViewModel.set_RandomObjects(System.Collections.ObjectModel.ObservableCollection`1[UnitySample.Common.Entities.RandomObject]), Verbose
1/31/2020 9:38:47 AM unknown User: Enter Method: UnitySample.MainWindowViewModel.get_RandomObjects(), Verbose
1/31/2020 9:38:47 AM unknown User: Exit Method: UnitySample.MainWindowViewModel.get_RandomObjects(), Verbose
1/31/2020 9:38:47 AM unknown User: Enter Method: UnitySample.MainWindowViewModel.get_RandomObjects(), Verbose
1/31/2020 9:38:47 AM unknown User: Exit Method: UnitySample.MainWindowViewModel.get_RandomObjects(), Verbose
1/31/2020 9:38:47 AM unknown User: Exit Method: UnitySample.MainWindowViewModel.set_RandomObjects(System.Collections.ObjectModel.ObservableCollection`1[UnitySample.Common.Entities.RandomObject]), Verbose
1/31/2020 9:38:47 AM unknown User: Enter Method: UnitySample.MainWindowViewModel.get_RandomObjects(), Verbose
1/31/2020 9:38:47 AM unknown User: Exit Method: UnitySample.MainWindowViewModel.get_RandomObjects(), Verbose
1/31/2020 9:38:47 AM unknown User: Enter Method: UnitySample.MainWindowViewModel.set_RandomObjects(System.Collections.ObjectModel.ObservableCollection`1[UnitySample.Common.Entities.RandomObject]), Verbose
1/31/2020 9:38:47 AM unknown User: Enter Method: UnitySample.MainWindowViewModel.get_RandomObjects(), Verbose
1/31/2020 9:38:47 AM unknown User: Exit Method: UnitySample.MainWindowViewModel.get_RandomObjects(), Verbose
1/31/2020 9:38:47 AM unknown User: Enter Method: UnitySample.MainWindowViewModel.get_RandomObjects(), Verbose
1/31/2020 9:38:47 AM unknown User: Exit Method: UnitySample.MainWindowViewModel.get_RandomObjects(), Verbose
1/31/2020 9:38:47 AM unknown User: Exit Method: UnitySample.MainWindowViewModel.set_RandomObjects(System.Collections.ObjectModel.ObservableCollection`1[UnitySample.Common.Entities.RandomObject]), Verbose
1/31/2020 9:38:47 AM unknown User: Enter Method: UnitySample.MainWindowViewModel.get_RandomObjects(), Verbose
1/31/2020 9:38:47 AM unknown User: Exit Method: UnitySample.MainWindowViewModel.get_RandomObjects(), Verbose
1/31/2020 9:38:47 AM unknown User: Enter Method: UnitySample.MainWindowViewModel.set_RandomObjects(System.Collections.ObjectModel.ObservableCollection`1[UnitySample.Common.Entities.RandomObject]), Verbose
1/31/2020 9:38:47 AM unknown User: Enter Method: UnitySample.MainWindowViewModel.get_RandomObjects(), Verbose
1/31/2020 9:38:47 AM unknown User: Exit Method: UnitySample.MainWindowViewModel.get_RandomObjects(), Verbose
1/31/2020 9:38:47 AM unknown User: Enter Method: UnitySample.MainWindowViewModel.get_RandomObjects(), Verbose
1/31/2020 9:38:47 AM unknown User: Exit Method: UnitySample.MainWindowViewModel.get_RandomObjects(), Verbose
1/31/2020 9:38:47 AM unknown User: Exit Method: UnitySample.MainWindowViewModel.set_RandomObjects(System.Collections.ObjectModel.ObservableCollection`1[UnitySample.Common.Entities.RandomObject]), Verbose
1/31/2020 9:38:47 AM unknown User: Enter Method: UnitySample.MainWindowViewModel.get_RandomObjects(), Verbose
1/31/2020 9:38:47 AM unknown User: Exit Method: UnitySample.MainWindowViewModel.get_RandomObjects(), Verbose
1/31/2020 9:38:48 AM unknown User: Enter Method: UnitySample.MainWindowViewModel.set_RandomObjects(System.Collections.ObjectModel.ObservableCollection`1[UnitySample.Common.Entities.RandomObject]), Verbose
1/31/2020 9:38:48 AM unknown User: Enter Method: UnitySample.MainWindowViewModel.get_RandomObjects(), Verbose
1/31/2020 9:38:48 AM unknown User: Exit Method: UnitySample.MainWindowViewModel.get_RandomObjects(), Verbose
1/31/2020 9:38:48 AM unknown User: Enter Method: UnitySample.MainWindowViewModel.get_RandomObjects(), Verbose
1/31/2020 9:38:48 AM unknown User: Exit Method: UnitySample.MainWindowViewModel.get_RandomObjects(), Verbose
1/31/2020 9:38:48 AM unknown User: Exit Method: UnitySample.MainWindowViewModel.set_RandomObjects(System.Collections.ObjectModel.ObservableCollection`1[UnitySample.Common.Entities.RandomObject]), Verbose
1/31/2020 9:38:48 AM unknown User: Enter Method: UnitySample.MainWindowViewModel.get_RandomObjects(), Verbose
1/31/2020 9:38:48 AM unknown User: Exit Method: UnitySample.MainWindowViewModel.get_RandomObjects(), Verbose
1/31/2020 9:38:48 AM unknown User: Enter Method: UnitySample.MainWindowViewModel.set_RandomObjects(System.Collections.ObjectModel.ObservableCollection`1[UnitySample.Common.Entities.RandomObject]), Verbose
1/31/2020 9:38:48 AM unknown User: Enter Method: UnitySample.MainWindowViewModel.get_RandomObjects(), Verbose
1/31/2020 9:38:48 AM unknown User: Exit Method: UnitySample.MainWindowViewModel.get_RandomObjects(), Verbose
1/31/2020 9:38:48 AM unknown User: Enter Method: UnitySample.MainWindowViewModel.get_RandomObjects(), Verbose
1/31/2020 9:38:48 AM unknown User: Exit Method: UnitySample.MainWindowViewModel.get_RandomObjects(), Verbose
1/31/2020 9:38:48 AM unknown User: Exit Method: UnitySample.MainWindowViewModel.set_RandomObjects(System.Collections.ObjectModel.ObservableCollection`1[UnitySample.Common.Entities.RandomObject]), Verbose
1/31/2020 9:38:48 AM unknown User: Enter Method: UnitySample.MainWindowViewModel.get_RandomObjects(), Verbose
1/31/2020 9:38:48 AM unknown User: Exit Method: UnitySample.MainWindowViewModel.get_RandomObjects(), Verbose
1/31/2020 9:38:48 AM unknown User: Enter Method: UnitySample.MainWindowViewModel.set_RandomObjects(System.Collections.ObjectModel.ObservableCollection`1[UnitySample.Common.Entities.RandomObject]), Verbose
1/31/2020 9:38:48 AM unknown User: Enter Method: UnitySample.MainWindowViewModel.get_RandomObjects(), Verbose
1/31/2020 9:38:48 AM unknown User: Exit Method: UnitySample.MainWindowViewModel.get_RandomObjects(), Verbose
1/31/2020 9:38:48 AM unknown User: Enter Method: UnitySample.MainWindowViewModel.get_RandomObjects(), Verbose
1/31/2020 9:38:48 AM unknown User: Exit Method: UnitySample.MainWindowViewModel.get_RandomObjects(), Verbose
1/31/2020 9:38:48 AM unknown User: Exit Method: UnitySample.MainWindowViewModel.set_RandomObjects(System.Collections.ObjectModel.ObservableCollection`1[UnitySample.Common.Entities.RandomObject]), Verbose
1/31/2020 9:38:48 AM unknown User: Enter Method: UnitySample.MainWindowViewModel.get_RandomObjects(), Verbose
1/31/2020 9:38:48 AM unknown User: Exit Method: UnitySample.MainWindowViewModel.get_RandomObjects(), Verbose
1/31/2020 9:38:48 AM unknown User: Enter Method: UnitySample.MainWindowViewModel.set_RandomObjects(System.Collections.ObjectModel.ObservableCollection`1[UnitySample.Common.Entities.RandomObject]), Verbose
1/31/2020 9:38:48 AM unknown User: Enter Method: UnitySample.MainWindowViewModel.get_RandomObjects(), Verbose
1/31/2020 9:38:48 AM unknown User: Exit Method: UnitySample.MainWindowViewModel.get_RandomObjects(), Verbose
1/31/2020 9:38:48 AM unknown User: Enter Method: UnitySample.MainWindowViewModel.get_RandomObjects(), Verbose
1/31/2020 9:38:48 AM unknown User: Exit Method: UnitySample.MainWindowViewModel.get_RandomObjects(), Verbose
1/31/2020 9:38:48 AM unknown User: Exit Method: UnitySample.MainWindowViewModel.set_RandomObjects(System.Collections.ObjectModel.ObservableCollection`1[UnitySample.Common.Entities.RandomObject]), Verbose
1/31/2020 9:38:48 AM unknown User: Enter Method: UnitySample.MainWindowViewModel.get_RandomObjects(), Verbose
1/31/2020 9:38:48 AM unknown User: Exit Method: UnitySample.MainWindowViewModel.get_RandomObjects(), Verbose
1/31/2020 9:38:49 AM unknown User: Enter Method: UnitySample.MainWindowViewModel.set_RandomObjects(System.Collections.ObjectModel.ObservableCollection`1[UnitySample.Common.Entities.RandomObject]), Verbose
1/31/2020 9:38:49 AM unknown User: Enter Method: UnitySample.MainWindowViewModel.get_RandomObjects(), Verbose
1/31/2020 9:38:49 AM unknown User: Exit Method: UnitySample.MainWindowViewModel.get_RandomObjects(), Verbose
1/31/2020 9:38:49 AM unknown User: Enter Method: UnitySample.MainWindowViewModel.get_RandomObjects(), Verbose
1/31/2020 9:38:49 AM unknown User: Exit Method: UnitySample.MainWindowViewModel.get_RandomObjects(), Verbose
1/31/2020 9:38:49 AM unknown User: Exit Method: UnitySample.MainWindowViewModel.set_RandomObjects(System.Collections.ObjectModel.ObservableCollection`1[UnitySample.Common.Entities.RandomObject]), Verbose
1/31/2020 9:38:49 AM unknown User: Enter Method: UnitySample.MainWindowViewModel.get_RandomObjects(), Verbose
1/31/2020 9:38:49 AM unknown User: Exit Method: UnitySample.MainWindowViewModel.get_RandomObjects(), Verbose
1/31/2020 9:38:49 AM unknown User: Enter Method: UnitySample.MainWindowViewModel.set_RandomObjects(System.Collections.ObjectModel.ObservableCollection`1[UnitySample.Common.Entities.RandomObject]), Verbose
1/31/2020 9:38:49 AM unknown User: Enter Method: UnitySample.MainWindowViewModel.get_RandomObjects(), Verbose
1/31/2020 9:38:49 AM unknown User: Exit Method: UnitySample.MainWindowViewModel.get_RandomObjects(), Verbose
1/31/2020 9:38:49 AM unknown User: Enter Method: UnitySample.MainWindowViewModel.get_RandomObjects(), Verbose
1/31/2020 9:38:49 AM unknown User: Exit Method: UnitySample.MainWindowViewModel.get_RandomObjects(), Verbose
1/31/2020 9:38:49 AM unknown User: Exit Method: UnitySample.MainWindowViewModel.set_RandomObjects(System.Collections.ObjectModel.ObservableCollection`1[UnitySample.Common.Entities.RandomObject]), Verbose
1/31/2020 9:38:49 AM unknown User: Enter Method: UnitySample.MainWindowViewModel.get_RandomObjects(), Verbose
1/31/2020 9:38:49 AM unknown User: Exit Method: UnitySample.MainWindowViewModel.get_RandomObjects(), Verbose
1/31/2020 9:38:49 AM unknown User: Enter Method: UnitySample.MainWindowViewModel.set_RandomObjects(System.Collections.ObjectModel.ObservableCollection`1[UnitySample.Common.Entities.RandomObject]), Verbose
1/31/2020 9:38:49 AM unknown User: Enter Method: UnitySample.MainWindowViewModel.get_RandomObjects(), Verbose
1/31/2020 9:38:49 AM unknown User: Exit Method: UnitySample.MainWindowViewModel.get_RandomObjects(), Verbose
1/31/2020 9:38:49 AM unknown User: Enter Method: UnitySample.MainWindowViewModel.get_RandomObjects(), Verbose
1/31/2020 9:38:49 AM unknown User: Exit Method: UnitySample.MainWindowViewModel.get_RandomObjects(), Verbose
1/31/2020 9:38:49 AM unknown User: Exit Method: UnitySample.MainWindowViewModel.set_RandomObjects(System.Collections.ObjectModel.ObservableCollection`1[UnitySample.Common.Entities.RandomObject]), Verbose
1/31/2020 9:38:49 AM unknown User: Enter Method: UnitySample.MainWindowViewModel.get_RandomObjects(), Verbose
1/31/2020 9:38:49 AM unknown User: Exit Method: UnitySample.MainWindowViewModel.get_RandomObjects(), Verbose
1/31/2020 9:38:49 AM unknown User: Enter Method: UnitySample.MainWindowViewModel.set_RandomObjects(System.Collections.ObjectModel.ObservableCollection`1[UnitySample.Common.Entities.RandomObject]), Verbose
1/31/2020 9:38:49 AM unknown User: Enter Method: UnitySample.MainWindowViewModel.get_RandomObjects(), Verbose
1/31/2020 9:38:49 AM unknown User: Exit Method: UnitySample.MainWindowViewModel.get_RandomObjects(), Verbose
1/31/2020 9:38:49 AM unknown User: Enter Method: UnitySample.MainWindowViewModel.get_RandomObjects(), Verbose
1/31/2020 9:38:49 AM unknown User: Exit Method: UnitySample.MainWindowViewModel.get_RandomObjects(), Verbose
1/31/2020 9:38:49 AM unknown User: Exit Method: UnitySample.MainWindowViewModel.set_RandomObjects(System.Collections.ObjectModel.ObservableCollection`1[UnitySample.Common.Entities.RandomObject]), Verbose
1/31/2020 9:38:49 AM unknown User: Enter Method: UnitySample.MainWindowViewModel.get_RandomObjects(), Verbose
1/31/2020 9:38:49 AM unknown User: Exit Method: UnitySample.MainWindowViewModel.get_RandomObjects(), Verbose
1/31/2020 9:38:49 AM unknown User: Enter Method: UnitySample.MainWindowViewModel.set_RandomObjects(System.Collections.ObjectModel.ObservableCollection`1[UnitySample.Common.Entities.RandomObject]), Verbose
1/31/2020 9:38:49 AM unknown User: Enter Method: UnitySample.MainWindowViewModel.get_RandomObjects(), Verbose
1/31/2020 9:38:49 AM unknown User: Exit Method: UnitySample.MainWindowViewModel.get_RandomObjects(), Verbose
1/31/2020 9:38:49 AM unknown User: Enter Method: UnitySample.MainWindowViewModel.get_RandomObjects(), Verbose
1/31/2020 9:38:49 AM unknown User: Exit Method: UnitySample.MainWindowViewModel.get_RandomObjects(), Verbose
1/31/2020 9:38:49 AM unknown User: Exit Method: UnitySample.MainWindowViewModel.set_RandomObjects(System.Collections.ObjectModel.ObservableCollection`1[UnitySample.Common.Entities.RandomObject]), Verbose
1/31/2020 9:38:49 AM unknown User: Enter Method: UnitySample.MainWindowViewModel.get_RandomObjects(), Verbose
1/31/2020 9:38:49 AM unknown User: Exit Method: UnitySample.MainWindowViewModel.get_RandomObjects(), Verbose
1/31/2020 9:38:49 AM unknown User: Enter Method: UnitySample.MainWindowViewModel.set_RandomObjects(System.Collections.ObjectModel.ObservableCollection`1[UnitySample.Common.Entities.RandomObject]), Verbose
1/31/2020 9:38:49 AM unknown User: Enter Method: UnitySample.MainWindowViewModel.get_RandomObjects(), Verbose
1/31/2020 9:38:49 AM unknown User: Exit Method: UnitySample.MainWindowViewModel.get_RandomObjects(), Verbose
1/31/2020 9:38:49 AM unknown User: Enter Method: UnitySample.MainWindowViewModel.get_RandomObjects(), Verbose
1/31/2020 9:38:49 AM unknown User: Exit Method: UnitySample.MainWindowViewModel.get_RandomObjects(), Verbose
1/31/2020 9:38:49 AM unknown User: Exit Method: UnitySample.MainWindowViewModel.set_RandomObjects(System.Collections.ObjectModel.ObservableCollection`1[UnitySample.Common.Entities.RandomObject]), Verbose
1/31/2020 9:38:49 AM unknown User: Enter Method: UnitySample.MainWindowViewModel.get_RandomObjects(), Verbose
1/31/2020 9:38:49 AM unknown User: Exit Method: UnitySample.MainWindowViewModel.get_RandomObjects(), Verbose
1/31/2020 9:38:50 AM unknown User: Enter Method: UnitySample.MainWindowViewModel.set_RandomObjects(System.Collections.ObjectModel.ObservableCollection`1[UnitySample.Common.Entities.RandomObject]), Verbose
1/31/2020 9:38:50 AM unknown User: Enter Method: UnitySample.MainWindowViewModel.get_RandomObjects(), Verbose
1/31/2020 9:38:50 AM unknown User: Exit Method: UnitySample.MainWindowViewModel.get_RandomObjects(), Verbose
1/31/2020 9:38:50 AM unknown User: Enter Method: UnitySample.MainWindowViewModel.get_RandomObjects(), Verbose
1/31/2020 9:38:50 AM unknown User: Exit Method: UnitySample.MainWindowViewModel.get_RandomObjects(), Verbose
1/31/2020 9:38:50 AM unknown User: Exit Method: UnitySample.MainWindowViewModel.set_RandomObjects(System.Collections.ObjectModel.ObservableCollection`1[UnitySample.Common.Entities.RandomObject]), Verbose
1/31/2020 9:38:50 AM unknown User: Enter Method: UnitySample.MainWindowViewModel.get_RandomObjects(), Verbose
1/31/2020 9:38:50 AM unknown User: Exit Method: UnitySample.MainWindowViewModel.get_RandomObjects(), Verbose
1/31/2020 9:38:50 AM unknown User: Enter Method: UnitySample.MainWindowViewModel.set_RandomObjects(System.Collections.ObjectModel.ObservableCollection`1[UnitySample.Common.Entities.RandomObject]), Verbose
1/31/2020 9:38:50 AM unknown User: Enter Method: UnitySample.MainWindowViewModel.get_RandomObjects(), Verbose
1/31/2020 9:38:50 AM unknown User: Exit Method: UnitySample.MainWindowViewModel.get_RandomObjects(), Verbose
1/31/2020 9:38:50 AM unknown User: Enter Method: UnitySample.MainWindowViewModel.get_RandomObjects(), Verbose
1/31/2020 9:38:50 AM unknown User: Exit Method: UnitySample.MainWindowViewModel.get_RandomObjects(), Verbose
1/31/2020 9:38:50 AM unknown User: Exit Method: UnitySample.MainWindowViewModel.set_RandomObjects(System.Collections.ObjectModel.ObservableCollection`1[UnitySample.Common.Entities.RandomObject]), Verbose
1/31/2020 9:38:50 AM unknown User: Enter Method: UnitySample.MainWindowViewModel.get_RandomObjects(), Verbose
1/31/2020 9:38:50 AM unknown User: Exit Method: UnitySample.MainWindowViewModel.get_RandomObjects(), Verbose
1/31/2020 9:38:50 AM unknown User: Enter Method: UnitySample.MainWindowViewModel.set_RandomObjects(System.Collections.ObjectModel.ObservableCollection`1[UnitySample.Common.Entities.RandomObject]), Verbose
1/31/2020 9:38:50 AM unknown User: Enter Method: UnitySample.MainWindowViewModel.get_RandomObjects(), Verbose
1/31/2020 9:38:50 AM unknown User: Exit Method: UnitySample.MainWindowViewModel.get_RandomObjects(), Verbose
1/31/2020 9:38:50 AM unknown User: Enter Method: UnitySample.MainWindowViewModel.get_RandomObjects(), Verbose
1/31/2020 9:38:50 AM unknown User: Exit Method: UnitySample.MainWindowViewModel.get_RandomObjects(), Verbose
1/31/2020 9:38:50 AM unknown User: Exit Method: UnitySample.MainWindowViewModel.set_RandomObjects(System.Collections.ObjectModel.ObservableCollection`1[UnitySample.Common.Entities.RandomObject]), Verbose
1/31/2020 9:38:50 AM unknown User: Enter Method: UnitySample.MainWindowViewModel.get_RandomObjects(), Verbose
1/31/2020 9:38:50 AM unknown User: Exit Method: UnitySample.MainWindowViewModel.get_RandomObjects(), Verbose
1/31/2020 9:38:50 AM unknown User: Enter Method: UnitySample.MainWindowViewModel.set_RandomObjects(System.Collections.ObjectModel.ObservableCollection`1[UnitySample.Common.Entities.RandomObject]), Verbose
1/31/2020 9:38:50 AM unknown User: Enter Method: UnitySample.MainWindowViewModel.get_RandomObjects(), Verbose
1/31/2020 9:38:50 AM unknown User: Exit Method: UnitySample.MainWindowViewModel.get_RandomObjects(), Verbose
1/31/2020 9:38:50 AM unknown User: Enter Method: UnitySample.MainWindowViewModel.get_RandomObjects(), Verbose
1/31/2020 9:38:50 AM unknown User: Exit Method: UnitySample.MainWindowViewModel.get_RandomObjects(), Verbose
1/31/2020 9:38:50 AM unknown User: Exit Method: UnitySample.MainWindowViewModel.set_RandomObjects(System.Collections.ObjectModel.ObservableCollection`1[UnitySample.Common.Entities.RandomObject]), Verbose
1/31/2020 9:38:50 AM unknown User: Enter Method: UnitySample.MainWindowViewModel.get_RandomObjects(), Verbose
1/31/2020 9:38:50 AM unknown User: Exit Method: UnitySample.MainWindowViewModel.get_RandomObjects(), Verbose
1/31/2020 9:38:50 AM unknown User: Enter Method: UnitySample.MainWindowViewModel.set_RandomObjects(System.Collections.ObjectModel.ObservableCollection`1[UnitySample.Common.Entities.RandomObject]), Verbose
1/31/2020 9:38:50 AM unknown User: Enter Method: UnitySample.MainWindowViewModel.get_RandomObjects(), Verbose
1/31/2020 9:38:50 AM unknown User: Exit Method: UnitySample.MainWindowViewModel.get_RandomObjects(), Verbose
1/31/2020 9:38:50 AM unknown User: Enter Method: UnitySample.MainWindowViewModel.get_RandomObjects(), Verbose
1/31/2020 9:38:50 AM unknown User: Exit Method: UnitySample.MainWindowViewModel.get_RandomObjects(), Verbose
1/31/2020 9:38:50 AM unknown User: Exit Method: UnitySample.MainWindowViewModel.set_RandomObjects(System.Collections.ObjectModel.ObservableCollection`1[UnitySample.Common.Entities.RandomObject]), Verbose
1/31/2020 9:38:50 AM unknown User: Enter Method: UnitySample.MainWindowViewModel.get_RandomObjects(), Verbose
1/31/2020 9:38:50 AM unknown User: Exit Method: UnitySample.MainWindowViewModel.get_RandomObjects(), Verbose
1/31/2020 9:38:51 AM unknown User: Enter Method: UnitySample.MainWindowViewModel.set_RandomObjects(System.Collections.ObjectModel.ObservableCollection`1[UnitySample.Common.Entities.RandomObject]), Verbose
1/31/2020 9:38:51 AM unknown User: Enter Method: UnitySample.MainWindowViewModel.get_RandomObjects(), Verbose
1/31/2020 9:38:51 AM unknown User: Exit Method: UnitySample.MainWindowViewModel.get_RandomObjects(), Verbose
1/31/2020 9:38:51 AM unknown User: Enter Method: UnitySample.MainWindowViewModel.get_RandomObjects(), Verbose
1/31/2020 9:38:51 AM unknown User: Exit Method: UnitySample.MainWindowViewModel.get_RandomObjects(), Verbose
1/31/2020 9:38:51 AM unknown User: Exit Method: UnitySample.MainWindowViewModel.set_RandomObjects(System.Collections.ObjectModel.ObservableCollection`1[UnitySample.Common.Entities.RandomObject]), Verbose
1/31/2020 9:38:51 AM unknown User: Enter Method: UnitySample.MainWindowViewModel.get_RandomObjects(), Verbose
1/31/2020 9:38:51 AM unknown User: Exit Method: UnitySample.MainWindowViewModel.get_RandomObjects(), Verbose
1/31/2020 9:38:51 AM unknown User: Enter Method: UnitySample.MainWindowViewModel.set_RandomObjects(System.Collections.ObjectModel.ObservableCollection`1[UnitySample.Common.Entities.RandomObject]), Verbose
1/31/2020 9:38:51 AM unknown User: Enter Method: UnitySample.MainWindowViewModel.get_RandomObjects(), Verbose
1/31/2020 9:38:51 AM unknown User: Exit Method: UnitySample.MainWindowViewModel.get_RandomObjects(), Verbose
1/31/2020 9:38:51 AM unknown User: Enter Method: UnitySample.MainWindowViewModel.get_RandomObjects(), Verbose
1/31/2020 9:38:51 AM unknown User: Exit Method: UnitySample.MainWindowViewModel.get_RandomObjects(), Verbose
1/31/2020 9:38:51 AM unknown User: Exit Method: UnitySample.MainWindowViewModel.set_RandomObjects(System.Collections.ObjectModel.ObservableCollection`1[UnitySample.Common.Entities.RandomObject]), Verbose
1/31/2020 9:38:51 AM unknown User: Enter Method: UnitySample.MainWindowViewModel.get_RandomObjects(), Verbose
1/31/2020 9:38:51 AM unknown User: Exit Method: UnitySample.MainWindowViewModel.get_RandomObjects(), Verbose
1/31/2020 9:38:51 AM unknown User: Enter Method: UnitySample.MainWindowViewModel.set_RandomObjects(System.Collections.ObjectModel.ObservableCollection`1[UnitySample.Common.Entities.RandomObject]), Verbose
1/31/2020 9:38:51 AM unknown User: Enter Method: UnitySample.MainWindowViewModel.get_RandomObjects(), Verbose
1/31/2020 9:38:51 AM unknown User: Exit Method: UnitySample.MainWindowViewModel.get_RandomObjects(), Verbose
1/31/2020 9:38:51 AM unknown User: Enter Method: UnitySample.MainWindowViewModel.get_RandomObjects(), Verbose
1/31/2020 9:38:51 AM unknown User: Exit Method: UnitySample.MainWindowViewModel.get_RandomObjects(), Verbose
1/31/2020 9:38:51 AM unknown User: Exit Method: UnitySample.MainWindowViewModel.set_RandomObjects(System.Collections.ObjectModel.ObservableCollection`1[UnitySample.Common.Entities.RandomObject]), Verbose
1/31/2020 9:38:51 AM unknown User: Enter Method: UnitySample.MainWindowViewModel.get_RandomObjects(), Verbose
1/31/2020 9:38:51 AM unknown User: Exit Method: UnitySample.MainWindowViewModel.get_RandomObjects(), Verbose
1/31/2020 9:38:51 AM unknown User: Enter Method: UnitySample.MainWindowViewModel.set_RandomObjects(System.Collections.ObjectModel.ObservableCollection`1[UnitySample.Common.Entities.RandomObject]), Verbose
1/31/2020 9:38:51 AM unknown User: Enter Method: UnitySample.MainWindowViewModel.get_RandomObjects(), Verbose
1/31/2020 9:38:51 AM unknown User: Exit Method: UnitySample.MainWindowViewModel.get_RandomObjects(), Verbose
1/31/2020 9:38:51 AM unknown User: Enter Method: UnitySample.MainWindowViewModel.get_RandomObjects(), Verbose
1/31/2020 9:38:51 AM unknown User: Exit Method: UnitySample.MainWindowViewModel.get_RandomObjects(), Verbose
1/31/2020 9:38:51 AM unknown User: Exit Method: UnitySample.MainWindowViewModel.set_RandomObjects(System.Collections.ObjectModel.ObservableCollection`1[UnitySample.Common.Entities.RandomObject]), Verbose
1/31/2020 9:38:51 AM unknown User: Enter Method: UnitySample.MainWindowViewModel.get_RandomObjects(), Verbose
1/31/2020 9:38:51 AM unknown User: Exit Method: UnitySample.MainWindowViewModel.get_RandomObjects(), Verbose
1/31/2020 9:47:56 AM unknown User: Enter Method: UnitySample.MainWindowViewModel.set_RandomObjects(System.Collections.ObjectModel.ObservableCollection`1[UnitySample.Common.Entities.RandomObject]), Verbose
1/31/2020 9:47:56 AM unknown User: Enter Method: UnitySample.MainWindowViewModel.get_RandomObjects(), Verbose
1/31/2020 9:47:56 AM unknown User: Exit Method: UnitySample.MainWindowViewModel.get_RandomObjects(), Verbose
1/31/2020 9:47:56 AM unknown User: Enter Method: UnitySample.MainWindowViewModel.get_RandomObjects(), Verbose
1/31/2020 9:47:56 AM unknown User: Exit Method: UnitySample.MainWindowViewModel.get_RandomObjects(), Verbose
1/31/2020 9:47:56 AM unknown User: Exit Method: UnitySample.MainWindowViewModel.set_RandomObjects(System.Collections.ObjectModel.ObservableCollection`1[UnitySample.Common.Entities.RandomObject]), Verbose
1/31/2020 9:47:56 AM unknown User: Enter Method: UnitySample.MainWindowViewModel.get_RandomObjects(), Verbose
1/31/2020 9:47:56 AM unknown User: Exit Method: UnitySample.MainWindowViewModel.get_RandomObjects(), Verbose
