1/31/2020 9:29:09 AM Start Bootstrapper, Information
1/31/2020 9:29:09 AM unknown User: Enter Method: System.ComponentModel.INotifyPropertyChanged.add_PropertyChanged(System.ComponentModel.PropertyChangedEventHandler), Verbose
1/31/2020 9:29:09 AM unknown User: Exit Method: System.ComponentModel.INotifyPropertyChanged.add_PropertyChanged(System.ComponentModel.PropertyChangedEventHandler), Verbose
1/31/2020 9:29:09 AM unknown User: Enter Method: UnitySample.MainWindowViewModel.get_RandomObjects(), Verbose
1/31/2020 9:29:09 AM unknown User: Exit Method: UnitySample.MainWindowViewModel.get_RandomObjects(), Verbose
1/31/2020 9:29:09 AM End of Bootstrapper, Information
1/31/2020 9:29:11 AM unknown User: Enter Method: UnitySample.MainWindowViewModel.set_RandomObjects(System.Collections.ObjectModel.ObservableCollection`1[UnitySample.Common.Entities.RandomObject]), Verbose
1/31/2020 9:29:11 AM unknown User: Enter Method: UnitySample.MainWindowViewModel.get_RandomObjects(), Verbose
1/31/2020 9:29:11 AM unknown User: Exit Method: UnitySample.MainWindowViewModel.get_RandomObjects(), Verbose
1/31/2020 9:29:11 AM unknown User: Enter Method: UnitySample.MainWindowViewModel.get_RandomObjects(), Verbose
1/31/2020 9:29:11 AM unknown User: Exit Method: UnitySample.MainWindowViewModel.get_RandomObjects(), Verbose
1/31/2020 9:29:11 AM unknown User: Exit Method: UnitySample.MainWindowViewModel.set_RandomObjects(System.Collections.ObjectModel.ObservableCollection`1[UnitySample.Common.Entities.RandomObject]), Verbose
1/31/2020 9:29:11 AM unknown User: Enter Method: UnitySample.MainWindowViewModel.get_RandomObjects(), Verbose
1/31/2020 9:29:11 AM unknown User: Exit Method: UnitySample.MainWindowViewModel.get_RandomObjects(), Verbose
1/31/2020 9:29:13 AM unknown User: Enter Method: UnitySample.MainWindowViewModel.set_RandomObjects(System.Collections.ObjectModel.ObservableCollection`1[UnitySample.Common.Entities.RandomObject]), Verbose
1/31/2020 9:29:13 AM unknown User: Enter Method: UnitySample.MainWindowViewModel.get_RandomObjects(), Verbose
1/31/2020 9:29:13 AM unknown User: Exit Method: UnitySample.MainWindowViewModel.get_RandomObjects(), Verbose
1/31/2020 9:29:13 AM unknown User: Enter Method: UnitySample.MainWindowViewModel.get_RandomObjects(), Verbose
1/31/2020 9:29:13 AM unknown User: Exit Method: UnitySample.MainWindowViewModel.get_RandomObjects(), Verbose
1/31/2020 9:29:13 AM unknown User: Exit Method: UnitySample.MainWindowViewModel.set_RandomObjects(System.Collections.ObjectModel.ObservableCollection`1[UnitySample.Common.Entities.RandomObject]), Verbose
1/31/2020 9:29:13 AM unknown User: Enter Method: UnitySample.MainWindowViewModel.get_RandomObjects(), Verbose
1/31/2020 9:29:13 AM unknown User: Exit Method: UnitySample.MainWindowViewModel.get_RandomObjects(), Verbose
1/31/2020 9:29:14 AM unknown User: Enter Method: UnitySample.MainWindowViewModel.set_RandomObjects(System.Collections.ObjectModel.ObservableCollection`1[UnitySample.Common.Entities.RandomObject]), Verbose
1/31/2020 9:29:14 AM unknown User: Enter Method: UnitySample.MainWindowViewModel.get_RandomObjects(), Verbose
1/31/2020 9:29:14 AM unknown User: Exit Method: UnitySample.MainWindowViewModel.get_RandomObjects(), Verbose
1/31/2020 9:29:14 AM unknown User: Enter Method: UnitySample.MainWindowViewModel.get_RandomObjects(), Verbose
1/31/2020 9:29:14 AM unknown User: Exit Method: UnitySample.MainWindowViewModel.get_RandomObjects(), Verbose
1/31/2020 9:29:14 AM unknown User: Exit Method: UnitySample.MainWindowViewModel.set_RandomObjects(System.Collections.ObjectModel.ObservableCollection`1[UnitySample.Common.Entities.RandomObject]), Verbose
1/31/2020 9:29:14 AM unknown User: Enter Method: UnitySample.MainWindowViewModel.get_RandomObjects(), Verbose
1/31/2020 9:29:14 AM unknown User: Exit Method: UnitySample.MainWindowViewModel.get_RandomObjects(), Verbose
1/31/2020 9:29:14 AM unknown User: Enter Method: UnitySample.MainWindowViewModel.set_RandomObjects(System.Collections.ObjectModel.ObservableCollection`1[UnitySample.Common.Entities.RandomObject]), Verbose
1/31/2020 9:29:14 AM unknown User: Enter Method: UnitySample.MainWindowViewModel.get_RandomObjects(), Verbose
1/31/2020 9:29:14 AM unknown User: Exit Method: UnitySample.MainWindowViewModel.get_RandomObjects(), Verbose
1/31/2020 9:29:14 AM unknown User: Enter Method: UnitySample.MainWindowViewModel.get_RandomObjects(), Verbose
1/31/2020 9:29:14 AM unknown User: Exit Method: UnitySample.MainWindowViewModel.get_RandomObjects(), Verbose
1/31/2020 9:29:14 AM unknown User: Exit Method: UnitySample.MainWindowViewModel.set_RandomObjects(System.Collections.ObjectModel.ObservableCollection`1[UnitySample.Common.Entities.RandomObject]), Verbose
1/31/2020 9:29:14 AM unknown User: Enter Method: UnitySample.MainWindowViewModel.get_RandomObjects(), Verbose
1/31/2020 9:29:14 AM unknown User: Exit Method: UnitySample.MainWindowViewModel.get_RandomObjects(), Verbose
1/31/2020 9:29:14 AM unknown User: Enter Method: UnitySample.MainWindowViewModel.set_RandomObjects(System.Collections.ObjectModel.ObservableCollection`1[UnitySample.Common.Entities.RandomObject]), Verbose
1/31/2020 9:29:14 AM unknown User: Enter Method: UnitySample.MainWindowViewModel.get_RandomObjects(), Verbose
1/31/2020 9:29:14 AM unknown User: Exit Method: UnitySample.MainWindowViewModel.get_RandomObjects(), Verbose
1/31/2020 9:29:14 AM unknown User: Enter Method: UnitySample.MainWindowViewModel.get_RandomObjects(), Verbose
1/31/2020 9:29:14 AM unknown User: Exit Method: UnitySample.MainWindowViewModel.get_RandomObjects(), Verbose
1/31/2020 9:29:14 AM unknown User: Exit Method: UnitySample.MainWindowViewModel.set_RandomObjects(System.Collections.ObjectModel.ObservableCollection`1[UnitySample.Common.Entities.RandomObject]), Verbose
1/31/2020 9:29:14 AM unknown User: Enter Method: UnitySample.MainWindowViewModel.get_RandomObjects(), Verbose
1/31/2020 9:29:14 AM unknown User: Exit Method: UnitySample.MainWindowViewModel.get_RandomObjects(), Verbose
1/31/2020 9:29:14 AM unknown User: Enter Method: UnitySample.MainWindowViewModel.set_RandomObjects(System.Collections.ObjectModel.ObservableCollection`1[UnitySample.Common.Entities.RandomObject]), Verbose
1/31/2020 9:29:14 AM unknown User: Enter Method: UnitySample.MainWindowViewModel.get_RandomObjects(), Verbose
1/31/2020 9:29:14 AM unknown User: Exit Method: UnitySample.MainWindowViewModel.get_RandomObjects(), Verbose
1/31/2020 9:29:14 AM unknown User: Enter Method: UnitySample.MainWindowViewModel.get_RandomObjects(), Verbose
1/31/2020 9:29:14 AM unknown User: Exit Method: UnitySample.MainWindowViewModel.get_RandomObjects(), Verbose
1/31/2020 9:29:14 AM unknown User: Exit Method: UnitySample.MainWindowViewModel.set_RandomObjects(System.Collections.ObjectModel.ObservableCollection`1[UnitySample.Common.Entities.RandomObject]), Verbose
1/31/2020 9:29:14 AM unknown User: Enter Method: UnitySample.MainWindowViewModel.get_RandomObjects(), Verbose
1/31/2020 9:29:14 AM unknown User: Exit Method: UnitySample.MainWindowViewModel.get_RandomObjects(), Verbose
1/31/2020 9:29:15 AM unknown User: Enter Method: UnitySample.MainWindowViewModel.set_RandomObjects(System.Collections.ObjectModel.ObservableCollection`1[UnitySample.Common.Entities.RandomObject]), Verbose
1/31/2020 9:29:15 AM unknown User: Enter Method: UnitySample.MainWindowViewModel.get_RandomObjects(), Verbose
1/31/2020 9:29:15 AM unknown User: Exit Method: UnitySample.MainWindowViewModel.get_RandomObjects(), Verbose
1/31/2020 9:29:15 AM unknown User: Enter Method: UnitySample.MainWindowViewModel.get_RandomObjects(), Verbose
1/31/2020 9:29:15 AM unknown User: Exit Method: UnitySample.MainWindowViewModel.get_RandomObjects(), Verbose
1/31/2020 9:29:15 AM unknown User: Exit Method: UnitySample.MainWindowViewModel.set_RandomObjects(System.Collections.ObjectModel.ObservableCollection`1[UnitySample.Common.Entities.RandomObject]), Verbose
1/31/2020 9:29:15 AM unknown User: Enter Method: UnitySample.MainWindowViewModel.get_RandomObjects(), Verbose
1/31/2020 9:29:15 AM unknown User: Exit Method: UnitySample.MainWindowViewModel.get_RandomObjects(), Verbose
1/31/2020 9:29:15 AM unknown User: Enter Method: UnitySample.MainWindowViewModel.set_RandomObjects(System.Collections.ObjectModel.ObservableCollection`1[UnitySample.Common.Entities.RandomObject]), Verbose
1/31/2020 9:29:15 AM unknown User: Enter Method: UnitySample.MainWindowViewModel.get_RandomObjects(), Verbose
1/31/2020 9:29:15 AM unknown User: Exit Method: UnitySample.MainWindowViewModel.get_RandomObjects(), Verbose
1/31/2020 9:29:15 AM unknown User: Enter Method: UnitySample.MainWindowViewModel.get_RandomObjects(), Verbose
1/31/2020 9:29:15 AM unknown User: Exit Method: UnitySample.MainWindowViewModel.get_RandomObjects(), Verbose
1/31/2020 9:29:15 AM unknown User: Exit Method: UnitySample.MainWindowViewModel.set_RandomObjects(System.Collections.ObjectModel.ObservableCollection`1[UnitySample.Common.Entities.RandomObject]), Verbose
1/31/2020 9:29:15 AM unknown User: Enter Method: UnitySample.MainWindowViewModel.get_RandomObjects(), Verbose
1/31/2020 9:29:15 AM unknown User: Exit Method: UnitySample.MainWindowViewModel.get_RandomObjects(), Verbose
1/31/2020 9:29:21 AM unknown User: Enter Method: UnitySample.MainWindowViewModel.set_RandomObjects(System.Collections.ObjectModel.ObservableCollection`1[UnitySample.Common.Entities.RandomObject]), Verbose
1/31/2020 9:29:21 AM unknown User: Enter Method: UnitySample.MainWindowViewModel.get_RandomObjects(), Verbose
1/31/2020 9:29:21 AM unknown User: Exit Method: UnitySample.MainWindowViewModel.get_RandomObjects(), Verbose
1/31/2020 9:29:21 AM unknown User: Enter Method: UnitySample.MainWindowViewModel.get_RandomObjects(), Verbose
1/31/2020 9:29:21 AM unknown User: Exit Method: UnitySample.MainWindowViewModel.get_RandomObjects(), Verbose
1/31/2020 9:29:21 AM unknown User: Exit Method: UnitySample.MainWindowViewModel.set_RandomObjects(System.Collections.ObjectModel.ObservableCollection`1[UnitySample.Common.Entities.RandomObject]), Verbose
1/31/2020 9:29:21 AM unknown User: Enter Method: UnitySample.MainWindowViewModel.get_RandomObjects(), Verbose
1/31/2020 9:29:21 AM unknown User: Exit Method: UnitySample.MainWindowViewModel.get_RandomObjects(), Verbose
1/31/2020 9:29:21 AM unknown User: Enter Method: UnitySample.MainWindowViewModel.set_RandomObjects(System.Collections.ObjectModel.ObservableCollection`1[UnitySample.Common.Entities.RandomObject]), Verbose
1/31/2020 9:29:21 AM unknown User: Enter Method: UnitySample.MainWindowViewModel.get_RandomObjects(), Verbose
1/31/2020 9:29:21 AM unknown User: Exit Method: UnitySample.MainWindowViewModel.get_RandomObjects(), Verbose
1/31/2020 9:29:21 AM unknown User: Enter Method: UnitySample.MainWindowViewModel.get_RandomObjects(), Verbose
1/31/2020 9:29:21 AM unknown User: Exit Method: UnitySample.MainWindowViewModel.get_RandomObjects(), Verbose
1/31/2020 9:29:21 AM unknown User: Exit Method: UnitySample.MainWindowViewModel.set_RandomObjects(System.Collections.ObjectModel.ObservableCollection`1[UnitySample.Common.Entities.RandomObject]), Verbose
1/31/2020 9:29:21 AM unknown User: Enter Method: UnitySample.MainWindowViewModel.get_RandomObjects(), Verbose
1/31/2020 9:29:21 AM unknown User: Exit Method: UnitySample.MainWindowViewModel.get_RandomObjects(), Verbose
1/31/2020 9:29:21 AM unknown User: Enter Method: UnitySample.MainWindowViewModel.set_RandomObjects(System.Collections.ObjectModel.ObservableCollection`1[UnitySample.Common.Entities.RandomObject]), Verbose
1/31/2020 9:29:21 AM unknown User: Enter Method: UnitySample.MainWindowViewModel.get_RandomObjects(), Verbose
1/31/2020 9:29:21 AM unknown User: Exit Method: UnitySample.MainWindowViewModel.get_RandomObjects(), Verbose
1/31/2020 9:29:21 AM unknown User: Enter Method: UnitySample.MainWindowViewModel.get_RandomObjects(), Verbose
1/31/2020 9:29:21 AM unknown User: Exit Method: UnitySample.MainWindowViewModel.get_RandomObjects(), Verbose
1/31/2020 9:29:21 AM unknown User: Exit Method: UnitySample.MainWindowViewModel.set_RandomObjects(System.Collections.ObjectModel.ObservableCollection`1[UnitySample.Common.Entities.RandomObject]), Verbose
1/31/2020 9:29:21 AM unknown User: Enter Method: UnitySample.MainWindowViewModel.get_RandomObjects(), Verbose
1/31/2020 9:29:21 AM unknown User: Exit Method: UnitySample.MainWindowViewModel.get_RandomObjects(), Verbose
1/31/2020 9:29:21 AM unknown User: Enter Method: UnitySample.MainWindowViewModel.set_RandomObjects(System.Collections.ObjectModel.ObservableCollection`1[UnitySample.Common.Entities.RandomObject]), Verbose
1/31/2020 9:29:21 AM unknown User: Enter Method: UnitySample.MainWindowViewModel.get_RandomObjects(), Verbose
1/31/2020 9:29:21 AM unknown User: Exit Method: UnitySample.MainWindowViewModel.get_RandomObjects(), Verbose
1/31/2020 9:29:21 AM unknown User: Enter Method: UnitySample.MainWindowViewModel.get_RandomObjects(), Verbose
1/31/2020 9:29:21 AM unknown User: Exit Method: UnitySample.MainWindowViewModel.get_RandomObjects(), Verbose
1/31/2020 9:29:21 AM unknown User: Exit Method: UnitySample.MainWindowViewModel.set_RandomObjects(System.Collections.ObjectModel.ObservableCollection`1[UnitySample.Common.Entities.RandomObject]), Verbose
1/31/2020 9:29:21 AM unknown User: Enter Method: UnitySample.MainWindowViewModel.get_RandomObjects(), Verbose
1/31/2020 9:29:21 AM unknown User: Exit Method: UnitySample.MainWindowViewModel.get_RandomObjects(), Verbose
1/31/2020 9:29:22 AM unknown User: Enter Method: UnitySample.MainWindowViewModel.set_RandomObjects(System.Collections.ObjectModel.ObservableCollection`1[UnitySample.Common.Entities.RandomObject]), Verbose
1/31/2020 9:29:22 AM unknown User: Enter Method: UnitySample.MainWindowViewModel.get_RandomObjects(), Verbose
1/31/2020 9:29:22 AM unknown User: Exit Method: UnitySample.MainWindowViewModel.get_RandomObjects(), Verbose
1/31/2020 9:29:22 AM unknown User: Enter Method: UnitySample.MainWindowViewModel.get_RandomObjects(), Verbose
1/31/2020 9:29:22 AM unknown User: Exit Method: UnitySample.MainWindowViewModel.get_RandomObjects(), Verbose
1/31/2020 9:29:22 AM unknown User: Exit Method: UnitySample.MainWindowViewModel.set_RandomObjects(System.Collections.ObjectModel.ObservableCollection`1[UnitySample.Common.Entities.RandomObject]), Verbose
1/31/2020 9:29:22 AM unknown User: Enter Method: UnitySample.MainWindowViewModel.get_RandomObjects(), Verbose
1/31/2020 9:29:22 AM unknown User: Exit Method: UnitySample.MainWindowViewModel.get_RandomObjects(), Verbose
1/31/2020 9:29:22 AM unknown User: Enter Method: UnitySample.MainWindowViewModel.set_RandomObjects(System.Collections.ObjectModel.ObservableCollection`1[UnitySample.Common.Entities.RandomObject]), Verbose
1/31/2020 9:29:22 AM unknown User: Enter Method: UnitySample.MainWindowViewModel.get_RandomObjects(), Verbose
1/31/2020 9:29:22 AM unknown User: Exit Method: UnitySample.MainWindowViewModel.get_RandomObjects(), Verbose
1/31/2020 9:29:22 AM unknown User: Enter Method: UnitySample.MainWindowViewModel.get_RandomObjects(), Verbose
1/31/2020 9:29:22 AM unknown User: Exit Method: UnitySample.MainWindowViewModel.get_RandomObjects(), Verbose
1/31/2020 9:29:22 AM unknown User: Exit Method: UnitySample.MainWindowViewModel.set_RandomObjects(System.Collections.ObjectModel.ObservableCollection`1[UnitySample.Common.Entities.RandomObject]), Verbose
1/31/2020 9:29:22 AM unknown User: Enter Method: UnitySample.MainWindowViewModel.get_RandomObjects(), Verbose
1/31/2020 9:29:22 AM unknown User: Exit Method: UnitySample.MainWindowViewModel.get_RandomObjects(), Verbose
1/31/2020 9:29:22 AM unknown User: Enter Method: UnitySample.MainWindowViewModel.set_RandomObjects(System.Collections.ObjectModel.ObservableCollection`1[UnitySample.Common.Entities.RandomObject]), Verbose
1/31/2020 9:29:22 AM unknown User: Enter Method: UnitySample.MainWindowViewModel.get_RandomObjects(), Verbose
1/31/2020 9:29:22 AM unknown User: Exit Method: UnitySample.MainWindowViewModel.get_RandomObjects(), Verbose
1/31/2020 9:29:22 AM unknown User: Enter Method: UnitySample.MainWindowViewModel.get_RandomObjects(), Verbose
1/31/2020 9:29:22 AM unknown User: Exit Method: UnitySample.MainWindowViewModel.get_RandomObjects(), Verbose
1/31/2020 9:29:22 AM unknown User: Exit Method: UnitySample.MainWindowViewModel.set_RandomObjects(System.Collections.ObjectModel.ObservableCollection`1[UnitySample.Common.Entities.RandomObject]), Verbose
1/31/2020 9:29:22 AM unknown User: Enter Method: UnitySample.MainWindowViewModel.get_RandomObjects(), Verbose
1/31/2020 9:29:22 AM unknown User: Exit Method: UnitySample.MainWindowViewModel.get_RandomObjects(), Verbose
1/31/2020 9:29:22 AM unknown User: Enter Method: UnitySample.MainWindowViewModel.set_RandomObjects(System.Collections.ObjectModel.ObservableCollection`1[UnitySample.Common.Entities.RandomObject]), Verbose
1/31/2020 9:29:22 AM unknown User: Enter Method: UnitySample.MainWindowViewModel.get_RandomObjects(), Verbose
1/31/2020 9:29:22 AM unknown User: Exit Method: UnitySample.MainWindowViewModel.get_RandomObjects(), Verbose
1/31/2020 9:29:22 AM unknown User: Enter Method: UnitySample.MainWindowViewModel.get_RandomObjects(), Verbose
1/31/2020 9:29:22 AM unknown User: Exit Method: UnitySample.MainWindowViewModel.get_RandomObjects(), Verbose
1/31/2020 9:29:22 AM unknown User: Exit Method: UnitySample.MainWindowViewModel.set_RandomObjects(System.Collections.ObjectModel.ObservableCollection`1[UnitySample.Common.Entities.RandomObject]), Verbose
1/31/2020 9:29:22 AM unknown User: Enter Method: UnitySample.MainWindowViewModel.get_RandomObjects(), Verbose
1/31/2020 9:29:22 AM unknown User: Exit Method: UnitySample.MainWindowViewModel.get_RandomObjects(), Verbose
1/31/2020 9:29:22 AM unknown User: Enter Method: UnitySample.MainWindowViewModel.set_RandomObjects(System.Collections.ObjectModel.ObservableCollection`1[UnitySample.Common.Entities.RandomObject]), Verbose
1/31/2020 9:29:22 AM unknown User: Enter Method: UnitySample.MainWindowViewModel.get_RandomObjects(), Verbose
1/31/2020 9:29:22 AM unknown User: Exit Method: UnitySample.MainWindowViewModel.get_RandomObjects(), Verbose
1/31/2020 9:29:22 AM unknown User: Enter Method: UnitySample.MainWindowViewModel.get_RandomObjects(), Verbose
1/31/2020 9:29:22 AM unknown User: Exit Method: UnitySample.MainWindowViewModel.get_RandomObjects(), Verbose
1/31/2020 9:29:22 AM unknown User: Exit Method: UnitySample.MainWindowViewModel.set_RandomObjects(System.Collections.ObjectModel.ObservableCollection`1[UnitySample.Common.Entities.RandomObject]), Verbose
1/31/2020 9:29:22 AM unknown User: Enter Method: UnitySample.MainWindowViewModel.get_RandomObjects(), Verbose
1/31/2020 9:29:22 AM unknown User: Exit Method: UnitySample.MainWindowViewModel.get_RandomObjects(), Verbose
1/31/2020 9:32:46 AM unknown User: Enter Method: System.ComponentModel.INotifyPropertyChanged.remove_PropertyChanged(System.ComponentModel.PropertyChangedEventHandler), Verbose
1/31/2020 9:32:46 AM unknown User: Exit Method: System.ComponentModel.INotifyPropertyChanged.remove_PropertyChanged(System.ComponentModel.PropertyChangedEventHandler), Verbose
