1/31/2020 9:35:01 AM Start Bootstrapper, Information
1/31/2020 9:35:01 AM unknown User: Enter Method: System.ComponentModel.INotifyPropertyChanged.add_PropertyChanged(System.ComponentModel.PropertyChangedEventHandler), Verbose
1/31/2020 9:35:01 AM unknown User: Exit Method: System.ComponentModel.INotifyPropertyChanged.add_PropertyChanged(System.ComponentModel.PropertyChangedEventHandler), Verbose
1/31/2020 9:35:01 AM unknown User: Enter Method: UnitySample.MainWindowViewModel.get_RandomObjects(), Verbose
1/31/2020 9:35:01 AM unknown User: Exit Method: UnitySample.MainWindowViewModel.get_RandomObjects(), Verbose
1/31/2020 9:35:01 AM End of Bootstrapper, Information
1/31/2020 9:37:45 AM unknown User: Enter Method: UnitySample.MainWindowViewModel.set_RandomObjects(System.Collections.ObjectModel.ObservableCollection`1[UnitySample.Common.Entities.RandomObject]), Verbose
1/31/2020 9:37:45 AM unknown User: Enter Method: UnitySample.MainWindowViewModel.get_RandomObjects(), Verbose
1/31/2020 9:37:45 AM unknown User: Exit Method: UnitySample.MainWindowViewModel.get_RandomObjects(), Verbose
1/31/2020 9:37:45 AM unknown User: Enter Method: UnitySample.MainWindowViewModel.get_RandomObjects(), Verbose
1/31/2020 9:37:45 AM unknown User: Exit Method: UnitySample.MainWindowViewModel.get_RandomObjects(), Verbose
1/31/2020 9:37:45 AM unknown User: Exit Method: UnitySample.MainWindowViewModel.set_RandomObjects(System.Collections.ObjectModel.ObservableCollection`1[UnitySample.Common.Entities.RandomObject]), Verbose
1/31/2020 9:37:45 AM unknown User: Enter Method: UnitySample.MainWindowViewModel.get_RandomObjects(), Verbose
1/31/2020 9:37:45 AM unknown User: Exit Method: UnitySample.MainWindowViewModel.get_RandomObjects(), Verbose
1/31/2020 9:39:04 AM unknown User: Enter Method: UnitySample.MainWindowViewModel.set_RandomObjects(System.Collections.ObjectModel.ObservableCollection`1[UnitySample.Common.Entities.RandomObject]), Verbose
1/31/2020 9:39:04 AM unknown User: Enter Method: UnitySample.MainWindowViewModel.get_RandomObjects(), Verbose
1/31/2020 9:39:04 AM unknown User: Exit Method: UnitySample.MainWindowViewModel.get_RandomObjects(), Verbose
1/31/2020 9:39:04 AM unknown User: Enter Method: UnitySample.MainWindowViewModel.get_RandomObjects(), Verbose
1/31/2020 9:39:04 AM unknown User: Exit Method: UnitySample.MainWindowViewModel.get_RandomObjects(), Verbose
1/31/2020 9:39:04 AM unknown User: Exit Method: UnitySample.MainWindowViewModel.set_RandomObjects(System.Collections.ObjectModel.ObservableCollection`1[UnitySample.Common.Entities.RandomObject]), Verbose
1/31/2020 9:39:04 AM unknown User: Enter Method: UnitySample.MainWindowViewModel.get_RandomObjects(), Verbose
1/31/2020 9:39:04 AM unknown User: Exit Method: UnitySample.MainWindowViewModel.get_RandomObjects(), Verbose
1/31/2020 9:39:04 AM unknown User: Enter Method: UnitySample.MainWindowViewModel.set_RandomObjects(System.Collections.ObjectModel.ObservableCollection`1[UnitySample.Common.Entities.RandomObject]), Verbose
1/31/2020 9:39:04 AM unknown User: Enter Method: UnitySample.MainWindowViewModel.get_RandomObjects(), Verbose
1/31/2020 9:39:04 AM unknown User: Exit Method: UnitySample.MainWindowViewModel.get_RandomObjects(), Verbose
1/31/2020 9:39:04 AM unknown User: Enter Method: UnitySample.MainWindowViewModel.get_RandomObjects(), Verbose
1/31/2020 9:39:04 AM unknown User: Exit Method: UnitySample.MainWindowViewModel.get_RandomObjects(), Verbose
1/31/2020 9:39:04 AM unknown User: Exit Method: UnitySample.MainWindowViewModel.set_RandomObjects(System.Collections.ObjectModel.ObservableCollection`1[UnitySample.Common.Entities.RandomObject]), Verbose
1/31/2020 9:39:04 AM unknown User: Enter Method: UnitySample.MainWindowViewModel.get_RandomObjects(), Verbose
1/31/2020 9:39:04 AM unknown User: Exit Method: UnitySample.MainWindowViewModel.get_RandomObjects(), Verbose
1/31/2020 9:39:05 AM unknown User: Enter Method: UnitySample.MainWindowViewModel.set_RandomObjects(System.Collections.ObjectModel.ObservableCollection`1[UnitySample.Common.Entities.RandomObject]), Verbose
1/31/2020 9:39:05 AM unknown User: Enter Method: UnitySample.MainWindowViewModel.get_RandomObjects(), Verbose
1/31/2020 9:39:05 AM unknown User: Exit Method: UnitySample.MainWindowViewModel.get_RandomObjects(), Verbose
1/31/2020 9:39:05 AM unknown User: Enter Method: UnitySample.MainWindowViewModel.get_RandomObjects(), Verbose
1/31/2020 9:39:05 AM unknown User: Exit Method: UnitySample.MainWindowViewModel.get_RandomObjects(), Verbose
1/31/2020 9:39:05 AM unknown User: Exit Method: UnitySample.MainWindowViewModel.set_RandomObjects(System.Collections.ObjectModel.ObservableCollection`1[UnitySample.Common.Entities.RandomObject]), Verbose
1/31/2020 9:39:05 AM unknown User: Enter Method: UnitySample.MainWindowViewModel.get_RandomObjects(), Verbose
1/31/2020 9:39:05 AM unknown User: Exit Method: UnitySample.MainWindowViewModel.get_RandomObjects(), Verbose
1/31/2020 9:39:05 AM unknown User: Enter Method: UnitySample.MainWindowViewModel.set_RandomObjects(System.Collections.ObjectModel.ObservableCollection`1[UnitySample.Common.Entities.RandomObject]), Verbose
1/31/2020 9:39:05 AM unknown User: Enter Method: UnitySample.MainWindowViewModel.get_RandomObjects(), Verbose
1/31/2020 9:39:05 AM unknown User: Exit Method: UnitySample.MainWindowViewModel.get_RandomObjects(), Verbose
1/31/2020 9:39:05 AM unknown User: Enter Method: UnitySample.MainWindowViewModel.get_RandomObjects(), Verbose
1/31/2020 9:39:05 AM unknown User: Exit Method: UnitySample.MainWindowViewModel.get_RandomObjects(), Verbose
1/31/2020 9:39:05 AM unknown User: Exit Method: UnitySample.MainWindowViewModel.set_RandomObjects(System.Collections.ObjectModel.ObservableCollection`1[UnitySample.Common.Entities.RandomObject]), Verbose
1/31/2020 9:39:05 AM unknown User: Enter Method: UnitySample.MainWindowViewModel.get_RandomObjects(), Verbose
1/31/2020 9:39:05 AM unknown User: Exit Method: UnitySample.MainWindowViewModel.get_RandomObjects(), Verbose
1/31/2020 9:39:05 AM unknown User: Enter Method: UnitySample.MainWindowViewModel.set_RandomObjects(System.Collections.ObjectModel.ObservableCollection`1[UnitySample.Common.Entities.RandomObject]), Verbose
1/31/2020 9:39:05 AM unknown User: Enter Method: UnitySample.MainWindowViewModel.get_RandomObjects(), Verbose
1/31/2020 9:39:05 AM unknown User: Exit Method: UnitySample.MainWindowViewModel.get_RandomObjects(), Verbose
1/31/2020 9:39:05 AM unknown User: Enter Method: UnitySample.MainWindowViewModel.get_RandomObjects(), Verbose
1/31/2020 9:39:05 AM unknown User: Exit Method: UnitySample.MainWindowViewModel.get_RandomObjects(), Verbose
1/31/2020 9:39:05 AM unknown User: Exit Method: UnitySample.MainWindowViewModel.set_RandomObjects(System.Collections.ObjectModel.ObservableCollection`1[UnitySample.Common.Entities.RandomObject]), Verbose
1/31/2020 9:39:05 AM unknown User: Enter Method: UnitySample.MainWindowViewModel.get_RandomObjects(), Verbose
1/31/2020 9:39:05 AM unknown User: Exit Method: UnitySample.MainWindowViewModel.get_RandomObjects(), Verbose
1/31/2020 9:39:05 AM unknown User: Enter Method: UnitySample.MainWindowViewModel.set_RandomObjects(System.Collections.ObjectModel.ObservableCollection`1[UnitySample.Common.Entities.RandomObject]), Verbose
1/31/2020 9:39:05 AM unknown User: Enter Method: UnitySample.MainWindowViewModel.get_RandomObjects(), Verbose
1/31/2020 9:39:05 AM unknown User: Exit Method: UnitySample.MainWindowViewModel.get_RandomObjects(), Verbose
1/31/2020 9:39:05 AM unknown User: Enter Method: UnitySample.MainWindowViewModel.get_RandomObjects(), Verbose
1/31/2020 9:39:05 AM unknown User: Exit Method: UnitySample.MainWindowViewModel.get_RandomObjects(), Verbose
1/31/2020 9:39:05 AM unknown User: Exit Method: UnitySample.MainWindowViewModel.set_RandomObjects(System.Collections.ObjectModel.ObservableCollection`1[UnitySample.Common.Entities.RandomObject]), Verbose
1/31/2020 9:39:05 AM unknown User: Enter Method: UnitySample.MainWindowViewModel.get_RandomObjects(), Verbose
1/31/2020 9:39:05 AM unknown User: Exit Method: UnitySample.MainWindowViewModel.get_RandomObjects(), Verbose
1/31/2020 9:39:05 AM unknown User: Enter Method: UnitySample.MainWindowViewModel.set_RandomObjects(System.Collections.ObjectModel.ObservableCollection`1[UnitySample.Common.Entities.RandomObject]), Verbose
1/31/2020 9:39:05 AM unknown User: Enter Method: UnitySample.MainWindowViewModel.get_RandomObjects(), Verbose
1/31/2020 9:39:05 AM unknown User: Exit Method: UnitySample.MainWindowViewModel.get_RandomObjects(), Verbose
1/31/2020 9:39:05 AM unknown User: Enter Method: UnitySample.MainWindowViewModel.get_RandomObjects(), Verbose
1/31/2020 9:39:05 AM unknown User: Exit Method: UnitySample.MainWindowViewModel.get_RandomObjects(), Verbose
1/31/2020 9:39:05 AM unknown User: Exit Method: UnitySample.MainWindowViewModel.set_RandomObjects(System.Collections.ObjectModel.ObservableCollection`1[UnitySample.Common.Entities.RandomObject]), Verbose
1/31/2020 9:39:05 AM unknown User: Enter Method: UnitySample.MainWindowViewModel.get_RandomObjects(), Verbose
1/31/2020 9:39:05 AM unknown User: Exit Method: UnitySample.MainWindowViewModel.get_RandomObjects(), Verbose
1/31/2020 9:39:06 AM unknown User: Enter Method: UnitySample.MainWindowViewModel.set_RandomObjects(System.Collections.ObjectModel.ObservableCollection`1[UnitySample.Common.Entities.RandomObject]), Verbose
1/31/2020 9:39:06 AM unknown User: Enter Method: UnitySample.MainWindowViewModel.get_RandomObjects(), Verbose
1/31/2020 9:39:06 AM unknown User: Exit Method: UnitySample.MainWindowViewModel.get_RandomObjects(), Verbose
1/31/2020 9:39:06 AM unknown User: Enter Method: UnitySample.MainWindowViewModel.get_RandomObjects(), Verbose
1/31/2020 9:39:06 AM unknown User: Exit Method: UnitySample.MainWindowViewModel.get_RandomObjects(), Verbose
1/31/2020 9:39:06 AM unknown User: Exit Method: UnitySample.MainWindowViewModel.set_RandomObjects(System.Collections.ObjectModel.ObservableCollection`1[UnitySample.Common.Entities.RandomObject]), Verbose
1/31/2020 9:39:06 AM unknown User: Enter Method: UnitySample.MainWindowViewModel.get_RandomObjects(), Verbose
1/31/2020 9:39:06 AM unknown User: Exit Method: UnitySample.MainWindowViewModel.get_RandomObjects(), Verbose
1/31/2020 9:39:06 AM unknown User: Enter Method: UnitySample.MainWindowViewModel.set_RandomObjects(System.Collections.ObjectModel.ObservableCollection`1[UnitySample.Common.Entities.RandomObject]), Verbose
1/31/2020 9:39:06 AM unknown User: Enter Method: UnitySample.MainWindowViewModel.get_RandomObjects(), Verbose
1/31/2020 9:39:06 AM unknown User: Exit Method: UnitySample.MainWindowViewModel.get_RandomObjects(), Verbose
1/31/2020 9:39:06 AM unknown User: Enter Method: UnitySample.MainWindowViewModel.get_RandomObjects(), Verbose
1/31/2020 9:39:06 AM unknown User: Exit Method: UnitySample.MainWindowViewModel.get_RandomObjects(), Verbose
1/31/2020 9:39:06 AM unknown User: Exit Method: UnitySample.MainWindowViewModel.set_RandomObjects(System.Collections.ObjectModel.ObservableCollection`1[UnitySample.Common.Entities.RandomObject]), Verbose
1/31/2020 9:39:06 AM unknown User: Enter Method: UnitySample.MainWindowViewModel.get_RandomObjects(), Verbose
1/31/2020 9:39:06 AM unknown User: Exit Method: UnitySample.MainWindowViewModel.get_RandomObjects(), Verbose
1/31/2020 9:39:06 AM unknown User: Enter Method: UnitySample.MainWindowViewModel.set_RandomObjects(System.Collections.ObjectModel.ObservableCollection`1[UnitySample.Common.Entities.RandomObject]), Verbose
1/31/2020 9:39:06 AM unknown User: Enter Method: UnitySample.MainWindowViewModel.get_RandomObjects(), Verbose
1/31/2020 9:39:06 AM unknown User: Exit Method: UnitySample.MainWindowViewModel.get_RandomObjects(), Verbose
1/31/2020 9:39:06 AM unknown User: Enter Method: UnitySample.MainWindowViewModel.get_RandomObjects(), Verbose
1/31/2020 9:39:06 AM unknown User: Exit Method: UnitySample.MainWindowViewModel.get_RandomObjects(), Verbose
1/31/2020 9:39:06 AM unknown User: Exit Method: UnitySample.MainWindowViewModel.set_RandomObjects(System.Collections.ObjectModel.ObservableCollection`1[UnitySample.Common.Entities.RandomObject]), Verbose
1/31/2020 9:39:06 AM unknown User: Enter Method: UnitySample.MainWindowViewModel.get_RandomObjects(), Verbose
1/31/2020 9:39:06 AM unknown User: Exit Method: UnitySample.MainWindowViewModel.get_RandomObjects(), Verbose
1/31/2020 9:39:06 AM unknown User: Enter Method: UnitySample.MainWindowViewModel.set_RandomObjects(System.Collections.ObjectModel.ObservableCollection`1[UnitySample.Common.Entities.RandomObject]), Verbose
1/31/2020 9:39:06 AM unknown User: Enter Method: UnitySample.MainWindowViewModel.get_RandomObjects(), Verbose
1/31/2020 9:39:06 AM unknown User: Exit Method: UnitySample.MainWindowViewModel.get_RandomObjects(), Verbose
1/31/2020 9:39:06 AM unknown User: Enter Method: UnitySample.MainWindowViewModel.get_RandomObjects(), Verbose
1/31/2020 9:39:06 AM unknown User: Exit Method: UnitySample.MainWindowViewModel.get_RandomObjects(), Verbose
1/31/2020 9:39:06 AM unknown User: Exit Method: UnitySample.MainWindowViewModel.set_RandomObjects(System.Collections.ObjectModel.ObservableCollection`1[UnitySample.Common.Entities.RandomObject]), Verbose
1/31/2020 9:39:06 AM unknown User: Enter Method: UnitySample.MainWindowViewModel.get_RandomObjects(), Verbose
1/31/2020 9:39:06 AM unknown User: Exit Method: UnitySample.MainWindowViewModel.get_RandomObjects(), Verbose
1/31/2020 9:39:06 AM unknown User: Enter Method: UnitySample.MainWindowViewModel.set_RandomObjects(System.Collections.ObjectModel.ObservableCollection`1[UnitySample.Common.Entities.RandomObject]), Verbose
1/31/2020 9:39:06 AM unknown User: Enter Method: UnitySample.MainWindowViewModel.get_RandomObjects(), Verbose
1/31/2020 9:39:06 AM unknown User: Exit Method: UnitySample.MainWindowViewModel.get_RandomObjects(), Verbose
1/31/2020 9:39:06 AM unknown User: Enter Method: UnitySample.MainWindowViewModel.get_RandomObjects(), Verbose
1/31/2020 9:39:06 AM unknown User: Exit Method: UnitySample.MainWindowViewModel.get_RandomObjects(), Verbose
1/31/2020 9:39:06 AM unknown User: Exit Method: UnitySample.MainWindowViewModel.set_RandomObjects(System.Collections.ObjectModel.ObservableCollection`1[UnitySample.Common.Entities.RandomObject]), Verbose
1/31/2020 9:39:06 AM unknown User: Enter Method: UnitySample.MainWindowViewModel.get_RandomObjects(), Verbose
1/31/2020 9:39:06 AM unknown User: Exit Method: UnitySample.MainWindowViewModel.get_RandomObjects(), Verbose
1/31/2020 9:39:07 AM unknown User: Enter Method: UnitySample.MainWindowViewModel.set_RandomObjects(System.Collections.ObjectModel.ObservableCollection`1[UnitySample.Common.Entities.RandomObject]), Verbose
1/31/2020 9:39:07 AM unknown User: Enter Method: UnitySample.MainWindowViewModel.get_RandomObjects(), Verbose
1/31/2020 9:39:07 AM unknown User: Exit Method: UnitySample.MainWindowViewModel.get_RandomObjects(), Verbose
1/31/2020 9:39:07 AM unknown User: Enter Method: UnitySample.MainWindowViewModel.get_RandomObjects(), Verbose
1/31/2020 9:39:07 AM unknown User: Exit Method: UnitySample.MainWindowViewModel.get_RandomObjects(), Verbose
1/31/2020 9:39:07 AM unknown User: Exit Method: UnitySample.MainWindowViewModel.set_RandomObjects(System.Collections.ObjectModel.ObservableCollection`1[UnitySample.Common.Entities.RandomObject]), Verbose
1/31/2020 9:39:07 AM unknown User: Enter Method: UnitySample.MainWindowViewModel.get_RandomObjects(), Verbose
1/31/2020 9:39:07 AM unknown User: Exit Method: UnitySample.MainWindowViewModel.get_RandomObjects(), Verbose
1/31/2020 9:39:07 AM unknown User: Enter Method: UnitySample.MainWindowViewModel.set_RandomObjects(System.Collections.ObjectModel.ObservableCollection`1[UnitySample.Common.Entities.RandomObject]), Verbose
1/31/2020 9:39:07 AM unknown User: Enter Method: UnitySample.MainWindowViewModel.get_RandomObjects(), Verbose
1/31/2020 9:39:07 AM unknown User: Exit Method: UnitySample.MainWindowViewModel.get_RandomObjects(), Verbose
1/31/2020 9:39:07 AM unknown User: Enter Method: UnitySample.MainWindowViewModel.get_RandomObjects(), Verbose
1/31/2020 9:39:07 AM unknown User: Exit Method: UnitySample.MainWindowViewModel.get_RandomObjects(), Verbose
1/31/2020 9:39:07 AM unknown User: Exit Method: UnitySample.MainWindowViewModel.set_RandomObjects(System.Collections.ObjectModel.ObservableCollection`1[UnitySample.Common.Entities.RandomObject]), Verbose
1/31/2020 9:39:07 AM unknown User: Enter Method: UnitySample.MainWindowViewModel.get_RandomObjects(), Verbose
1/31/2020 9:39:07 AM unknown User: Exit Method: UnitySample.MainWindowViewModel.get_RandomObjects(), Verbose
1/31/2020 9:39:07 AM unknown User: Enter Method: UnitySample.MainWindowViewModel.set_RandomObjects(System.Collections.ObjectModel.ObservableCollection`1[UnitySample.Common.Entities.RandomObject]), Verbose
1/31/2020 9:39:07 AM unknown User: Enter Method: UnitySample.MainWindowViewModel.get_RandomObjects(), Verbose
1/31/2020 9:39:07 AM unknown User: Exit Method: UnitySample.MainWindowViewModel.get_RandomObjects(), Verbose
1/31/2020 9:39:07 AM unknown User: Enter Method: UnitySample.MainWindowViewModel.get_RandomObjects(), Verbose
1/31/2020 9:39:07 AM unknown User: Exit Method: UnitySample.MainWindowViewModel.get_RandomObjects(), Verbose
1/31/2020 9:39:07 AM unknown User: Exit Method: UnitySample.MainWindowViewModel.set_RandomObjects(System.Collections.ObjectModel.ObservableCollection`1[UnitySample.Common.Entities.RandomObject]), Verbose
1/31/2020 9:39:07 AM unknown User: Enter Method: UnitySample.MainWindowViewModel.get_RandomObjects(), Verbose
1/31/2020 9:39:07 AM unknown User: Exit Method: UnitySample.MainWindowViewModel.get_RandomObjects(), Verbose
1/31/2020 9:39:07 AM unknown User: Enter Method: UnitySample.MainWindowViewModel.set_RandomObjects(System.Collections.ObjectModel.ObservableCollection`1[UnitySample.Common.Entities.RandomObject]), Verbose
1/31/2020 9:39:07 AM unknown User: Enter Method: UnitySample.MainWindowViewModel.get_RandomObjects(), Verbose
1/31/2020 9:39:07 AM unknown User: Exit Method: UnitySample.MainWindowViewModel.get_RandomObjects(), Verbose
1/31/2020 9:39:07 AM unknown User: Enter Method: UnitySample.MainWindowViewModel.get_RandomObjects(), Verbose
1/31/2020 9:39:07 AM unknown User: Exit Method: UnitySample.MainWindowViewModel.get_RandomObjects(), Verbose
1/31/2020 9:39:07 AM unknown User: Exit Method: UnitySample.MainWindowViewModel.set_RandomObjects(System.Collections.ObjectModel.ObservableCollection`1[UnitySample.Common.Entities.RandomObject]), Verbose
1/31/2020 9:39:07 AM unknown User: Enter Method: UnitySample.MainWindowViewModel.get_RandomObjects(), Verbose
1/31/2020 9:39:07 AM unknown User: Exit Method: UnitySample.MainWindowViewModel.get_RandomObjects(), Verbose
1/31/2020 9:39:07 AM unknown User: Enter Method: UnitySample.MainWindowViewModel.set_RandomObjects(System.Collections.ObjectModel.ObservableCollection`1[UnitySample.Common.Entities.RandomObject]), Verbose
1/31/2020 9:39:07 AM unknown User: Enter Method: UnitySample.MainWindowViewModel.get_RandomObjects(), Verbose
1/31/2020 9:39:07 AM unknown User: Exit Method: UnitySample.MainWindowViewModel.get_RandomObjects(), Verbose
1/31/2020 9:39:07 AM unknown User: Enter Method: UnitySample.MainWindowViewModel.get_RandomObjects(), Verbose
1/31/2020 9:39:07 AM unknown User: Exit Method: UnitySample.MainWindowViewModel.get_RandomObjects(), Verbose
1/31/2020 9:39:07 AM unknown User: Exit Method: UnitySample.MainWindowViewModel.set_RandomObjects(System.Collections.ObjectModel.ObservableCollection`1[UnitySample.Common.Entities.RandomObject]), Verbose
1/31/2020 9:39:07 AM unknown User: Enter Method: UnitySample.MainWindowViewModel.get_RandomObjects(), Verbose
1/31/2020 9:39:07 AM unknown User: Exit Method: UnitySample.MainWindowViewModel.get_RandomObjects(), Verbose
1/31/2020 9:39:08 AM unknown User: Enter Method: UnitySample.MainWindowViewModel.set_RandomObjects(System.Collections.ObjectModel.ObservableCollection`1[UnitySample.Common.Entities.RandomObject]), Verbose
1/31/2020 9:39:08 AM unknown User: Enter Method: UnitySample.MainWindowViewModel.get_RandomObjects(), Verbose
1/31/2020 9:39:08 AM unknown User: Exit Method: UnitySample.MainWindowViewModel.get_RandomObjects(), Verbose
1/31/2020 9:39:08 AM unknown User: Enter Method: UnitySample.MainWindowViewModel.get_RandomObjects(), Verbose
1/31/2020 9:39:08 AM unknown User: Exit Method: UnitySample.MainWindowViewModel.get_RandomObjects(), Verbose
1/31/2020 9:39:08 AM unknown User: Exit Method: UnitySample.MainWindowViewModel.set_RandomObjects(System.Collections.ObjectModel.ObservableCollection`1[UnitySample.Common.Entities.RandomObject]), Verbose
1/31/2020 9:39:08 AM unknown User: Enter Method: UnitySample.MainWindowViewModel.get_RandomObjects(), Verbose
1/31/2020 9:39:08 AM unknown User: Exit Method: UnitySample.MainWindowViewModel.get_RandomObjects(), Verbose
1/31/2020 9:39:08 AM unknown User: Enter Method: UnitySample.MainWindowViewModel.set_RandomObjects(System.Collections.ObjectModel.ObservableCollection`1[UnitySample.Common.Entities.RandomObject]), Verbose
1/31/2020 9:39:08 AM unknown User: Enter Method: UnitySample.MainWindowViewModel.get_RandomObjects(), Verbose
1/31/2020 9:39:08 AM unknown User: Exit Method: UnitySample.MainWindowViewModel.get_RandomObjects(), Verbose
1/31/2020 9:39:08 AM unknown User: Enter Method: UnitySample.MainWindowViewModel.get_RandomObjects(), Verbose
1/31/2020 9:39:08 AM unknown User: Exit Method: UnitySample.MainWindowViewModel.get_RandomObjects(), Verbose
1/31/2020 9:39:08 AM unknown User: Exit Method: UnitySample.MainWindowViewModel.set_RandomObjects(System.Collections.ObjectModel.ObservableCollection`1[UnitySample.Common.Entities.RandomObject]), Verbose
1/31/2020 9:39:08 AM unknown User: Enter Method: UnitySample.MainWindowViewModel.get_RandomObjects(), Verbose
1/31/2020 9:39:08 AM unknown User: Exit Method: UnitySample.MainWindowViewModel.get_RandomObjects(), Verbose
1/31/2020 9:39:08 AM unknown User: Enter Method: UnitySample.MainWindowViewModel.set_RandomObjects(System.Collections.ObjectModel.ObservableCollection`1[UnitySample.Common.Entities.RandomObject]), Verbose
1/31/2020 9:39:08 AM unknown User: Enter Method: UnitySample.MainWindowViewModel.get_RandomObjects(), Verbose
1/31/2020 9:39:08 AM unknown User: Exit Method: UnitySample.MainWindowViewModel.get_RandomObjects(), Verbose
1/31/2020 9:39:08 AM unknown User: Enter Method: UnitySample.MainWindowViewModel.get_RandomObjects(), Verbose
1/31/2020 9:39:08 AM unknown User: Exit Method: UnitySample.MainWindowViewModel.get_RandomObjects(), Verbose
1/31/2020 9:39:08 AM unknown User: Exit Method: UnitySample.MainWindowViewModel.set_RandomObjects(System.Collections.ObjectModel.ObservableCollection`1[UnitySample.Common.Entities.RandomObject]), Verbose
1/31/2020 9:39:08 AM unknown User: Enter Method: UnitySample.MainWindowViewModel.get_RandomObjects(), Verbose
1/31/2020 9:39:08 AM unknown User: Exit Method: UnitySample.MainWindowViewModel.get_RandomObjects(), Verbose
1/31/2020 9:39:08 AM unknown User: Enter Method: UnitySample.MainWindowViewModel.set_RandomObjects(System.Collections.ObjectModel.ObservableCollection`1[UnitySample.Common.Entities.RandomObject]), Verbose
1/31/2020 9:39:08 AM unknown User: Enter Method: UnitySample.MainWindowViewModel.get_RandomObjects(), Verbose
1/31/2020 9:39:08 AM unknown User: Exit Method: UnitySample.MainWindowViewModel.get_RandomObjects(), Verbose
1/31/2020 9:39:08 AM unknown User: Enter Method: UnitySample.MainWindowViewModel.get_RandomObjects(), Verbose
1/31/2020 9:39:08 AM unknown User: Exit Method: UnitySample.MainWindowViewModel.get_RandomObjects(), Verbose
1/31/2020 9:39:08 AM unknown User: Exit Method: UnitySample.MainWindowViewModel.set_RandomObjects(System.Collections.ObjectModel.ObservableCollection`1[UnitySample.Common.Entities.RandomObject]), Verbose
1/31/2020 9:39:08 AM unknown User: Enter Method: UnitySample.MainWindowViewModel.get_RandomObjects(), Verbose
1/31/2020 9:39:08 AM unknown User: Exit Method: UnitySample.MainWindowViewModel.get_RandomObjects(), Verbose
1/31/2020 9:39:08 AM unknown User: Enter Method: UnitySample.MainWindowViewModel.set_RandomObjects(System.Collections.ObjectModel.ObservableCollection`1[UnitySample.Common.Entities.RandomObject]), Verbose
1/31/2020 9:39:08 AM unknown User: Enter Method: UnitySample.MainWindowViewModel.get_RandomObjects(), Verbose
1/31/2020 9:39:08 AM unknown User: Exit Method: UnitySample.MainWindowViewModel.get_RandomObjects(), Verbose
1/31/2020 9:39:08 AM unknown User: Enter Method: UnitySample.MainWindowViewModel.get_RandomObjects(), Verbose
1/31/2020 9:39:08 AM unknown User: Exit Method: UnitySample.MainWindowViewModel.get_RandomObjects(), Verbose
1/31/2020 9:39:08 AM unknown User: Exit Method: UnitySample.MainWindowViewModel.set_RandomObjects(System.Collections.ObjectModel.ObservableCollection`1[UnitySample.Common.Entities.RandomObject]), Verbose
1/31/2020 9:39:08 AM unknown User: Enter Method: UnitySample.MainWindowViewModel.get_RandomObjects(), Verbose
1/31/2020 9:39:08 AM unknown User: Exit Method: UnitySample.MainWindowViewModel.get_RandomObjects(), Verbose
1/31/2020 9:39:09 AM unknown User: Enter Method: UnitySample.MainWindowViewModel.set_RandomObjects(System.Collections.ObjectModel.ObservableCollection`1[UnitySample.Common.Entities.RandomObject]), Verbose
1/31/2020 9:39:09 AM unknown User: Enter Method: UnitySample.MainWindowViewModel.get_RandomObjects(), Verbose
1/31/2020 9:39:09 AM unknown User: Exit Method: UnitySample.MainWindowViewModel.get_RandomObjects(), Verbose
1/31/2020 9:39:09 AM unknown User: Enter Method: UnitySample.MainWindowViewModel.get_RandomObjects(), Verbose
1/31/2020 9:39:09 AM unknown User: Exit Method: UnitySample.MainWindowViewModel.get_RandomObjects(), Verbose
1/31/2020 9:39:09 AM unknown User: Exit Method: UnitySample.MainWindowViewModel.set_RandomObjects(System.Collections.ObjectModel.ObservableCollection`1[UnitySample.Common.Entities.RandomObject]), Verbose
1/31/2020 9:39:09 AM unknown User: Enter Method: UnitySample.MainWindowViewModel.get_RandomObjects(), Verbose
1/31/2020 9:39:09 AM unknown User: Exit Method: UnitySample.MainWindowViewModel.get_RandomObjects(), Verbose
1/31/2020 9:39:09 AM unknown User: Enter Method: UnitySample.MainWindowViewModel.set_RandomObjects(System.Collections.ObjectModel.ObservableCollection`1[UnitySample.Common.Entities.RandomObject]), Verbose
1/31/2020 9:39:09 AM unknown User: Enter Method: UnitySample.MainWindowViewModel.get_RandomObjects(), Verbose
1/31/2020 9:39:09 AM unknown User: Exit Method: UnitySample.MainWindowViewModel.get_RandomObjects(), Verbose
1/31/2020 9:39:09 AM unknown User: Enter Method: UnitySample.MainWindowViewModel.get_RandomObjects(), Verbose
1/31/2020 9:39:09 AM unknown User: Exit Method: UnitySample.MainWindowViewModel.get_RandomObjects(), Verbose
1/31/2020 9:39:09 AM unknown User: Exit Method: UnitySample.MainWindowViewModel.set_RandomObjects(System.Collections.ObjectModel.ObservableCollection`1[UnitySample.Common.Entities.RandomObject]), Verbose
1/31/2020 9:39:09 AM unknown User: Enter Method: UnitySample.MainWindowViewModel.get_RandomObjects(), Verbose
1/31/2020 9:39:09 AM unknown User: Exit Method: UnitySample.MainWindowViewModel.get_RandomObjects(), Verbose
1/31/2020 9:39:09 AM unknown User: Enter Method: UnitySample.MainWindowViewModel.set_RandomObjects(System.Collections.ObjectModel.ObservableCollection`1[UnitySample.Common.Entities.RandomObject]), Verbose
1/31/2020 9:39:09 AM unknown User: Enter Method: UnitySample.MainWindowViewModel.get_RandomObjects(), Verbose
1/31/2020 9:39:09 AM unknown User: Exit Method: UnitySample.MainWindowViewModel.get_RandomObjects(), Verbose
1/31/2020 9:39:09 AM unknown User: Enter Method: UnitySample.MainWindowViewModel.get_RandomObjects(), Verbose
1/31/2020 9:39:09 AM unknown User: Exit Method: UnitySample.MainWindowViewModel.get_RandomObjects(), Verbose
1/31/2020 9:39:09 AM unknown User: Exit Method: UnitySample.MainWindowViewModel.set_RandomObjects(System.Collections.ObjectModel.ObservableCollection`1[UnitySample.Common.Entities.RandomObject]), Verbose
1/31/2020 9:39:09 AM unknown User: Enter Method: UnitySample.MainWindowViewModel.get_RandomObjects(), Verbose
1/31/2020 9:39:09 AM unknown User: Exit Method: UnitySample.MainWindowViewModel.get_RandomObjects(), Verbose
1/31/2020 9:39:09 AM unknown User: Enter Method: UnitySample.MainWindowViewModel.set_RandomObjects(System.Collections.ObjectModel.ObservableCollection`1[UnitySample.Common.Entities.RandomObject]), Verbose
1/31/2020 9:39:09 AM unknown User: Enter Method: UnitySample.MainWindowViewModel.get_RandomObjects(), Verbose
1/31/2020 9:39:09 AM unknown User: Exit Method: UnitySample.MainWindowViewModel.get_RandomObjects(), Verbose
1/31/2020 9:39:09 AM unknown User: Enter Method: UnitySample.MainWindowViewModel.get_RandomObjects(), Verbose
1/31/2020 9:39:09 AM unknown User: Exit Method: UnitySample.MainWindowViewModel.get_RandomObjects(), Verbose
1/31/2020 9:39:09 AM unknown User: Exit Method: UnitySample.MainWindowViewModel.set_RandomObjects(System.Collections.ObjectModel.ObservableCollection`1[UnitySample.Common.Entities.RandomObject]), Verbose
1/31/2020 9:39:09 AM unknown User: Enter Method: UnitySample.MainWindowViewModel.get_RandomObjects(), Verbose
1/31/2020 9:39:09 AM unknown User: Exit Method: UnitySample.MainWindowViewModel.get_RandomObjects(), Verbose
1/31/2020 9:39:09 AM unknown User: Enter Method: UnitySample.MainWindowViewModel.set_RandomObjects(System.Collections.ObjectModel.ObservableCollection`1[UnitySample.Common.Entities.RandomObject]), Verbose
1/31/2020 9:39:09 AM unknown User: Enter Method: UnitySample.MainWindowViewModel.get_RandomObjects(), Verbose
1/31/2020 9:39:09 AM unknown User: Exit Method: UnitySample.MainWindowViewModel.get_RandomObjects(), Verbose
1/31/2020 9:39:09 AM unknown User: Enter Method: UnitySample.MainWindowViewModel.get_RandomObjects(), Verbose
1/31/2020 9:39:09 AM unknown User: Exit Method: UnitySample.MainWindowViewModel.get_RandomObjects(), Verbose
1/31/2020 9:39:09 AM unknown User: Exit Method: UnitySample.MainWindowViewModel.set_RandomObjects(System.Collections.ObjectModel.ObservableCollection`1[UnitySample.Common.Entities.RandomObject]), Verbose
1/31/2020 9:39:09 AM unknown User: Enter Method: UnitySample.MainWindowViewModel.get_RandomObjects(), Verbose
1/31/2020 9:39:09 AM unknown User: Exit Method: UnitySample.MainWindowViewModel.get_RandomObjects(), Verbose
1/31/2020 9:39:10 AM unknown User: Enter Method: UnitySample.MainWindowViewModel.set_RandomObjects(System.Collections.ObjectModel.ObservableCollection`1[UnitySample.Common.Entities.RandomObject]), Verbose
1/31/2020 9:39:10 AM unknown User: Enter Method: UnitySample.MainWindowViewModel.get_RandomObjects(), Verbose
1/31/2020 9:39:10 AM unknown User: Exit Method: UnitySample.MainWindowViewModel.get_RandomObjects(), Verbose
1/31/2020 9:39:10 AM unknown User: Enter Method: UnitySample.MainWindowViewModel.get_RandomObjects(), Verbose
1/31/2020 9:39:10 AM unknown User: Exit Method: UnitySample.MainWindowViewModel.get_RandomObjects(), Verbose
1/31/2020 9:39:10 AM unknown User: Exit Method: UnitySample.MainWindowViewModel.set_RandomObjects(System.Collections.ObjectModel.ObservableCollection`1[UnitySample.Common.Entities.RandomObject]), Verbose
1/31/2020 9:39:10 AM unknown User: Enter Method: UnitySample.MainWindowViewModel.get_RandomObjects(), Verbose
1/31/2020 9:39:10 AM unknown User: Exit Method: UnitySample.MainWindowViewModel.get_RandomObjects(), Verbose
1/31/2020 9:39:10 AM unknown User: Enter Method: UnitySample.MainWindowViewModel.set_RandomObjects(System.Collections.ObjectModel.ObservableCollection`1[UnitySample.Common.Entities.RandomObject]), Verbose
1/31/2020 9:39:10 AM unknown User: Enter Method: UnitySample.MainWindowViewModel.get_RandomObjects(), Verbose
1/31/2020 9:39:10 AM unknown User: Exit Method: UnitySample.MainWindowViewModel.get_RandomObjects(), Verbose
1/31/2020 9:39:10 AM unknown User: Enter Method: UnitySample.MainWindowViewModel.get_RandomObjects(), Verbose
1/31/2020 9:39:10 AM unknown User: Exit Method: UnitySample.MainWindowViewModel.get_RandomObjects(), Verbose
1/31/2020 9:39:10 AM unknown User: Exit Method: UnitySample.MainWindowViewModel.set_RandomObjects(System.Collections.ObjectModel.ObservableCollection`1[UnitySample.Common.Entities.RandomObject]), Verbose
1/31/2020 9:39:10 AM unknown User: Enter Method: UnitySample.MainWindowViewModel.get_RandomObjects(), Verbose
1/31/2020 9:39:10 AM unknown User: Exit Method: UnitySample.MainWindowViewModel.get_RandomObjects(), Verbose
1/31/2020 10:45:35 AM unknown User: Enter Method: System.ComponentModel.INotifyPropertyChanged.remove_PropertyChanged(System.ComponentModel.PropertyChangedEventHandler), Verbose
1/31/2020 10:45:35 AM unknown User: Exit Method: System.ComponentModel.INotifyPropertyChanged.remove_PropertyChanged(System.ComponentModel.PropertyChangedEventHandler), Verbose
